[ 2014-12-24T09:17:15+08:00 ] 127.0.0.1 /
INFO: [ app_init ] --START--
INFO: Run Behavior\BuildLiteBehavior [ RunTime:0.000044s ]
INFO: [ app_init ] --END-- [ RunTime:0.000671s ]
INFO: [ app_begin ] --START--
INFO: Run Behavior\ReadHtmlCacheBehavior [ RunTime:0.000822s ]
INFO: [ app_begin ] --END-- [ RunTime:0.000986s ]
SQL: SHOW COLUMNS FROM `js_nav` [ RunTime:0.030019s ]
SQL: SHOW COLUMNS FROM `js_brand` [ RunTime:0.043173s ]
NOTIC: [2] Missing argument 1 for Home\Model\BrandModel::getBrandInfo(), called in D:\jusou_shop\Application\Home\Controller\IndexController.class.php on line 11 and defined D:\jusou_shop\Application\Home\Model\BrandModel.class.php 第 14 行.
NOTIC: [8] Undefined variable: store_id D:\jusou_shop\Application\Home\Model\BrandModel.class.php 第 15 行.
SQL: SELECT * FROM `js_brand` WHERE `store_id` = null  [ RunTime:0.000399s ]
SQL: SELECT * FROM `js_nav` WHERE `type` = 'desktop' AND `parent_id` = 0  [ RunTime:0.020769s ]
SQL: SELECT * FROM `js_nav` WHERE `type` = 'mobile' AND `parent_id` = 0  [ RunTime:0.000526s ]
SQL: SELECT * FROM `js_nav` WHERE `type` = 'desktop' AND `parent_id` = 2  [ RunTime:0.000446s ]
INFO: [ view_parse ] --START--
INFO: [ template_filter ] --START--
INFO: Run Behavior\ContentReplaceBehavior [ RunTime:0.000290s ]
INFO: [ template_filter ] --END-- [ RunTime:0.000447s ]
NOTIC: [8] Use of undefined constant navigator - assumed 'navigator' D:\jusou_shop\Application\Runtime\Cache\Home\2a94b8bda04ff446dcedd42276fc99ee.php 第 121 行.
NOTIC: [8] Use of undefined constant has_children - assumed 'has_children' D:\jusou_shop\Application\Runtime\Cache\Home\2a94b8bda04ff446dcedd42276fc99ee.php 第 121 行.
NOTIC: [8] Undefined index: children D:\jusou_shop\Application\Runtime\Cache\Home\2a94b8bda04ff446dcedd42276fc99ee.php 第 127 行.
NOTIC: [8] Use of undefined constant navigator - assumed 'navigator' D:\jusou_shop\Application\Runtime\Cache\Home\2a94b8bda04ff446dcedd42276fc99ee.php 第 121 行.
NOTIC: [8] Use of undefined constant has_children - assumed 'has_children' D:\jusou_shop\Application\Runtime\Cache\Home\2a94b8bda04ff446dcedd42276fc99ee.php 第 121 行.
NOTIC: [8] Use of undefined constant navigator - assumed 'navigator' D:\jusou_shop\Application\Runtime\Cache\Home\2a94b8bda04ff446dcedd42276fc99ee.php 第 121 行.
NOTIC: [8] Use of undefined constant has_children - assumed 'has_children' D:\jusou_shop\Application\Runtime\Cache\Home\2a94b8bda04ff446dcedd42276fc99ee.php 第 121 行.
NOTIC: [8] Use of undefined constant navigator - assumed 'navigator' D:\jusou_shop\Application\Runtime\Cache\Home\2a94b8bda04ff446dcedd42276fc99ee.php 第 121 行.
NOTIC: [8] Use of undefined constant has_children - assumed 'has_children' D:\jusou_shop\Application\Runtime\Cache\Home\2a94b8bda04ff446dcedd42276fc99ee.php 第 121 行.
NOTIC: [8] Use of undefined constant navigator - assumed 'navigator' D:\jusou_shop\Application\Runtime\Cache\Home\2a94b8bda04ff446dcedd42276fc99ee.php 第 121 行.
NOTIC: [8] Use of undefined constant has_children - assumed 'has_children' D:\jusou_shop\Application\Runtime\Cache\Home\2a94b8bda04ff446dcedd42276fc99ee.php 第 121 行.
NOTIC: [8] Use of undefined constant navigator - assumed 'navigator' D:\jusou_shop\Application\Runtime\Cache\Home\2a94b8bda04ff446dcedd42276fc99ee.php 第 121 行.
NOTIC: [8] Use of undefined constant has_children - assumed 'has_children' D:\jusou_shop\Application\Runtime\Cache\Home\2a94b8bda04ff446dcedd42276fc99ee.php 第 121 行.
NOTIC: [8] Use of undefined constant navigator - assumed 'navigator' D:\jusou_shop\Application\Runtime\Cache\Home\2a94b8bda04ff446dcedd42276fc99ee.php 第 121 行.
NOTIC: [8] Use of undefined constant has_children - assumed 'has_children' D:\jusou_shop\Application\Runtime\Cache\Home\2a94b8bda04ff446dcedd42276fc99ee.php 第 121 行.
NOTIC: [8] Undefined index: url D:\jusou_shop\Application\Runtime\Cache\Home\2a94b8bda04ff446dcedd42276fc99ee.php 第 122 行.
NOTIC: [8] Undefined index: has_children D:\jusou_shop\Application\Runtime\Cache\Home\2a94b8bda04ff446dcedd42276fc99ee.php 第 122 行.
NOTIC: [8] Undefined index: name D:\jusou_shop\Application\Runtime\Cache\Home\2a94b8bda04ff446dcedd42276fc99ee.php 第 123 行.
NOTIC: [8] Undefined index: has_children D:\jusou_shop\Application\Runtime\Cache\Home\2a94b8bda04ff446dcedd42276fc99ee.php 第 124 行.
NOTIC: [8] Undefined index: has_children D:\jusou_shop\Application\Runtime\Cache\Home\2a94b8bda04ff446dcedd42276fc99ee.php 第 126 行.
INFO: Run Behavior\ParseTemplateBehavior [ RunTime:0.078556s ]
INFO: [ view_parse ] --END-- [ RunTime:0.078713s ]
INFO: [ view_filter ] --START--
INFO: Run Behavior\WriteHtmlCacheBehavior [ RunTime:0.000502s ]
INFO: [ view_filter ] --END-- [ RunTime:0.000639s ]
INFO: [ app_end ] --START--
INFO: Run Behavior\ShowPageTraceBehavior [ RunTime:0.000858s ]
INFO: [ app_end ] --END-- [ RunTime:0.001048s ]

[ 2014-12-24T09:40:12+08:00 ] 127.0.0.1 /Home/Goods/show/goods_id/35.html
INFO: [ app_init ] --START--
INFO: Run Behavior\BuildLiteBehavior [ RunTime:0.000034s ]
INFO: [ app_init ] --END-- [ RunTime:0.000545s ]
INFO: [ app_begin ] --START--
INFO: Run Behavior\ReadHtmlCacheBehavior [ RunTime:0.000844s ]
INFO: [ app_begin ] --END-- [ RunTime:0.001005s ]
ERR: 无法加载控制器:Goods

