[ 2014-12-17T11:46:10+08:00 ] 127.0.0.1 /
INFO: [ app_init ] --START--
INFO: Run Behavior\BuildLiteBehavior [ RunTime:0.000036s ]
INFO: [ app_init ] --END-- [ RunTime:0.000836s ]
INFO: [ app_begin ] --START--
INFO: Run Behavior\ReadHtmlCacheBehavior [ RunTime:0.000671s ]
INFO: [ app_begin ] --END-- [ RunTime:0.000818s ]
SQL: SHOW COLUMNS FROM `js_nav` [ RunTime:0.005166s ]
SQL: SHOW COLUMNS FROM `js_brand` [ RunTime:0.006691s ]
ERR: Think\Model:brandGetBrand方法不存在！

[ 2014-12-17T11:46:50+08:00 ] 127.0.0.1 /
INFO: [ app_init ] --START--
INFO: Run Behavior\BuildLiteBehavior [ RunTime:0.000044s ]
INFO: [ app_init ] --END-- [ RunTime:0.000905s ]
INFO: [ app_begin ] --START--
INFO: Run Behavior\ReadHtmlCacheBehavior [ RunTime:0.000824s ]
INFO: [ app_begin ] --END-- [ RunTime:0.000983s ]
SQL: SHOW COLUMNS FROM `js_nav` [ RunTime:0.004866s ]
SQL: SHOW COLUMNS FROM `js_brand` [ RunTime:0.004235s ]
ERR: Think\Model:brandGetBrand方法不存在！

[ 2014-12-17T11:46:59+08:00 ] 127.0.0.1 /
INFO: [ app_init ] --START--
INFO: Run Behavior\BuildLiteBehavior [ RunTime:0.000032s ]
INFO: [ app_init ] --END-- [ RunTime:0.000549s ]
INFO: [ app_begin ] --START--
INFO: Run Behavior\ReadHtmlCacheBehavior [ RunTime:0.000677s ]
INFO: [ app_begin ] --END-- [ RunTime:0.000820s ]
SQL: SHOW COLUMNS FROM `js_nav` [ RunTime:0.004287s ]
SQL: SHOW COLUMNS FROM `js_brand` [ RunTime:0.005166s ]
ERR: Think\Model:brandGetBrand方法不存在！

[ 2014-12-17T11:50:16+08:00 ] 127.0.0.1 /
INFO: [ app_init ] --START--
INFO: Run Behavior\BuildLiteBehavior [ RunTime:0.000033s ]
INFO: [ app_init ] --END-- [ RunTime:0.001097s ]
INFO: [ app_begin ] --START--
INFO: Run Behavior\ReadHtmlCacheBehavior [ RunTime:0.000891s ]
INFO: [ app_begin ] --END-- [ RunTime:0.001055s ]
SQL: SHOW COLUMNS FROM `js_nav` [ RunTime:0.005058s ]
SQL: SHOW COLUMNS FROM `js_brand` [ RunTime:0.004540s ]
ERR: Think\Model:brandGetBrand方法不存在！

[ 2014-12-17T11:50:17+08:00 ] 127.0.0.1 /
INFO: [ app_init ] --START--
INFO: Run Behavior\BuildLiteBehavior [ RunTime:0.000052s ]
INFO: [ app_init ] --END-- [ RunTime:0.000942s ]
INFO: [ app_begin ] --START--
INFO: Run Behavior\ReadHtmlCacheBehavior [ RunTime:0.001103s ]
INFO: [ app_begin ] --END-- [ RunTime:0.001340s ]
SQL: SHOW COLUMNS FROM `js_nav` [ RunTime:0.004541s ]
SQL: SHOW COLUMNS FROM `js_brand` [ RunTime:0.004209s ]
ERR: Think\Model:brandGetBrand方法不存在！

[ 2014-12-17T11:50:27+08:00 ] 127.0.0.1 /
INFO: [ app_init ] --START--
INFO: Run Behavior\BuildLiteBehavior [ RunTime:0.000051s ]
INFO: [ app_init ] --END-- [ RunTime:0.000955s ]
INFO: [ app_begin ] --START--
INFO: Run Behavior\ReadHtmlCacheBehavior [ RunTime:0.000952s ]
INFO: [ app_begin ] --END-- [ RunTime:0.001124s ]
SQL: SHOW COLUMNS FROM `js_nav` [ RunTime:0.004986s ]
SQL: SHOW COLUMNS FROM `js_brand` [ RunTime:0.004780s ]
ERR: Think\Model:getBrandInfo方法不存在！

[ 2014-12-17T11:51:02+08:00 ] 127.0.0.1 /
INFO: [ app_init ] --START--
INFO: Run Behavior\BuildLiteBehavior [ RunTime:0.000039s ]
INFO: [ app_init ] --END-- [ RunTime:0.000694s ]
INFO: [ app_begin ] --START--
INFO: Run Behavior\ReadHtmlCacheBehavior [ RunTime:0.001085s ]
INFO: [ app_begin ] --END-- [ RunTime:0.001282s ]
SQL: SHOW COLUMNS FROM `js_nav` [ RunTime:0.004790s ]
SQL: SHOW COLUMNS FROM `js_brand` [ RunTime:0.004520s ]
NOTIC: [2] Missing argument 1 for Home\Model\BrandModel::getBrandInfo(), called in D:\jusou_shop\Application\Home\Controller\IndexController.class.php on line 11 and defined D:\jusou_shop\Application\Home\Model\BrandModel.class.php 第 14 行.
NOTIC: [8] Undefined variable: store_id D:\jusou_shop\Application\Home\Model\BrandModel.class.php 第 15 行.
SQL: SELECT * FROM `js_brand` WHERE `store_id` = null  [ RunTime:0.000451s ]
SQL: SELECT * FROM `js_nav` WHERE `type` = 'desktop' AND `parent_id` = 0  [ RunTime:0.000523s ]
SQL: SELECT * FROM `js_nav` WHERE `type` = 'mobile' AND `parent_id` = 0  [ RunTime:0.000426s ]
SQL: SELECT * FROM `js_nav` WHERE `type` = 'desktop' AND `parent_id` = 2  [ RunTime:0.000495s ]
INFO: [ view_parse ] --START--
INFO: [ template_filter ] --START--
INFO: Run Behavior\ContentReplaceBehavior [ RunTime:0.000282s ]
INFO: [ template_filter ] --END-- [ RunTime:0.000459s ]
NOTIC: [8] Use of undefined constant navigator - assumed 'navigator' D:\jusou_shop\Application\Runtime\Cache\Home\2a94b8bda04ff446dcedd42276fc99ee.php 第 121 行.
NOTIC: [8] Use of undefined constant has_children - assumed 'has_children' D:\jusou_shop\Application\Runtime\Cache\Home\2a94b8bda04ff446dcedd42276fc99ee.php 第 121 行.
NOTIC: [8] Undefined index: children D:\jusou_shop\Application\Runtime\Cache\Home\2a94b8bda04ff446dcedd42276fc99ee.php 第 127 行.
NOTIC: [8] Use of undefined constant navigator - assumed 'navigator' D:\jusou_shop\Application\Runtime\Cache\Home\2a94b8bda04ff446dcedd42276fc99ee.php 第 121 行.
NOTIC: [8] Use of undefined constant has_children - assumed 'has_children' D:\jusou_shop\Application\Runtime\Cache\Home\2a94b8bda04ff446dcedd42276fc99ee.php 第 121 行.
NOTIC: [8] Use of undefined constant navigator - assumed 'navigator' D:\jusou_shop\Application\Runtime\Cache\Home\2a94b8bda04ff446dcedd42276fc99ee.php 第 121 行.
NOTIC: [8] Use of undefined constant has_children - assumed 'has_children' D:\jusou_shop\Application\Runtime\Cache\Home\2a94b8bda04ff446dcedd42276fc99ee.php 第 121 行.
NOTIC: [8] Use of undefined constant navigator - assumed 'navigator' D:\jusou_shop\Application\Runtime\Cache\Home\2a94b8bda04ff446dcedd42276fc99ee.php 第 121 行.
NOTIC: [8] Use of undefined constant has_children - assumed 'has_children' D:\jusou_shop\Application\Runtime\Cache\Home\2a94b8bda04ff446dcedd42276fc99ee.php 第 121 行.
NOTIC: [8] Use of undefined constant navigator - assumed 'navigator' D:\jusou_shop\Application\Runtime\Cache\Home\2a94b8bda04ff446dcedd42276fc99ee.php 第 121 行.
NOTIC: [8] Use of undefined constant has_children - assumed 'has_children' D:\jusou_shop\Application\Runtime\Cache\Home\2a94b8bda04ff446dcedd42276fc99ee.php 第 121 行.
NOTIC: [8] Use of undefined constant navigator - assumed 'navigator' D:\jusou_shop\Application\Runtime\Cache\Home\2a94b8bda04ff446dcedd42276fc99ee.php 第 121 行.
NOTIC: [8] Use of undefined constant has_children - assumed 'has_children' D:\jusou_shop\Application\Runtime\Cache\Home\2a94b8bda04ff446dcedd42276fc99ee.php 第 121 行.
NOTIC: [8] Use of undefined constant navigator - assumed 'navigator' D:\jusou_shop\Application\Runtime\Cache\Home\2a94b8bda04ff446dcedd42276fc99ee.php 第 121 行.
NOTIC: [8] Use of undefined constant has_children - assumed 'has_children' D:\jusou_shop\Application\Runtime\Cache\Home\2a94b8bda04ff446dcedd42276fc99ee.php 第 121 行.
NOTIC: [8] Undefined index: url D:\jusou_shop\Application\Runtime\Cache\Home\2a94b8bda04ff446dcedd42276fc99ee.php 第 122 行.
NOTIC: [8] Undefined index: has_children D:\jusou_shop\Application\Runtime\Cache\Home\2a94b8bda04ff446dcedd42276fc99ee.php 第 122 行.
NOTIC: [8] Undefined index: name D:\jusou_shop\Application\Runtime\Cache\Home\2a94b8bda04ff446dcedd42276fc99ee.php 第 123 行.
NOTIC: [8] Undefined index: has_children D:\jusou_shop\Application\Runtime\Cache\Home\2a94b8bda04ff446dcedd42276fc99ee.php 第 124 行.
NOTIC: [8] Undefined index: has_children D:\jusou_shop\Application\Runtime\Cache\Home\2a94b8bda04ff446dcedd42276fc99ee.php 第 126 行.
INFO: Run Behavior\ParseTemplateBehavior [ RunTime:0.031605s ]
INFO: [ view_parse ] --END-- [ RunTime:0.031765s ]
INFO: [ view_filter ] --START--
INFO: Run Behavior\WriteHtmlCacheBehavior [ RunTime:0.000496s ]
INFO: [ view_filter ] --END-- [ RunTime:0.000633s ]
INFO: [ app_end ] --START--
INFO: Run Behavior\ShowPageTraceBehavior [ RunTime:0.000737s ]
INFO: [ app_end ] --END-- [ RunTime:0.000869s ]

[ 2014-12-17T16:16:39+08:00 ] 127.0.0.1 /
INFO: [ app_init ] --START--
INFO: Run Behavior\BuildLiteBehavior [ RunTime:0.000039s ]
INFO: [ app_init ] --END-- [ RunTime:0.000771s ]
INFO: [ app_begin ] --START--
INFO: Run Behavior\ReadHtmlCacheBehavior [ RunTime:0.000969s ]
INFO: [ app_begin ] --END-- [ RunTime:0.001184s ]
SQL: SHOW COLUMNS FROM `js_nav` [ RunTime:0.005192s ]
SQL: SHOW COLUMNS FROM `js_brand` [ RunTime:0.007677s ]
NOTIC: [2] Missing argument 1 for Home\Model\BrandModel::getBrandInfo(), called in D:\jusou_shop\Application\Home\Controller\IndexController.class.php on line 11 and defined D:\jusou_shop\Application\Home\Model\BrandModel.class.php 第 14 行.
NOTIC: [8] Undefined variable: store_id D:\jusou_shop\Application\Home\Model\BrandModel.class.php 第 15 行.
SQL: SELECT * FROM `js_brand` WHERE `store_id` = null  [ RunTime:0.076702s ]
SQL: SELECT * FROM `js_nav` WHERE `type` = 'desktop' AND `parent_id` = 0  [ RunTime:0.038624s ]
SQL: SELECT * FROM `js_nav` WHERE `type` = 'mobile' AND `parent_id` = 0  [ RunTime:0.003367s ]
SQL: SELECT * FROM `js_nav` WHERE `type` = 'desktop' AND `parent_id` = 2  [ RunTime:0.001906s ]
INFO: [ view_parse ] --START--
INFO: [ template_filter ] --START--
INFO: Run Behavior\ContentReplaceBehavior [ RunTime:0.000834s ]
INFO: [ template_filter ] --END-- [ RunTime:0.001071s ]
NOTIC: [8] Use of undefined constant navigator - assumed 'navigator' D:\jusou_shop\Application\Runtime\Cache\Home\2a94b8bda04ff446dcedd42276fc99ee.php 第 121 行.
NOTIC: [8] Use of undefined constant has_children - assumed 'has_children' D:\jusou_shop\Application\Runtime\Cache\Home\2a94b8bda04ff446dcedd42276fc99ee.php 第 121 行.
NOTIC: [8] Undefined index: children D:\jusou_shop\Application\Runtime\Cache\Home\2a94b8bda04ff446dcedd42276fc99ee.php 第 127 行.
NOTIC: [8] Use of undefined constant navigator - assumed 'navigator' D:\jusou_shop\Application\Runtime\Cache\Home\2a94b8bda04ff446dcedd42276fc99ee.php 第 121 行.
NOTIC: [8] Use of undefined constant has_children - assumed 'has_children' D:\jusou_shop\Application\Runtime\Cache\Home\2a94b8bda04ff446dcedd42276fc99ee.php 第 121 行.
NOTIC: [8] Use of undefined constant navigator - assumed 'navigator' D:\jusou_shop\Application\Runtime\Cache\Home\2a94b8bda04ff446dcedd42276fc99ee.php 第 121 行.
NOTIC: [8] Use of undefined constant has_children - assumed 'has_children' D:\jusou_shop\Application\Runtime\Cache\Home\2a94b8bda04ff446dcedd42276fc99ee.php 第 121 行.
NOTIC: [8] Use of undefined constant navigator - assumed 'navigator' D:\jusou_shop\Application\Runtime\Cache\Home\2a94b8bda04ff446dcedd42276fc99ee.php 第 121 行.
NOTIC: [8] Use of undefined constant has_children - assumed 'has_children' D:\jusou_shop\Application\Runtime\Cache\Home\2a94b8bda04ff446dcedd42276fc99ee.php 第 121 行.
NOTIC: [8] Use of undefined constant navigator - assumed 'navigator' D:\jusou_shop\Application\Runtime\Cache\Home\2a94b8bda04ff446dcedd42276fc99ee.php 第 121 行.
NOTIC: [8] Use of undefined constant has_children - assumed 'has_children' D:\jusou_shop\Application\Runtime\Cache\Home\2a94b8bda04ff446dcedd42276fc99ee.php 第 121 行.
NOTIC: [8] Use of undefined constant navigator - assumed 'navigator' D:\jusou_shop\Application\Runtime\Cache\Home\2a94b8bda04ff446dcedd42276fc99ee.php 第 121 行.
NOTIC: [8] Use of undefined constant has_children - assumed 'has_children' D:\jusou_shop\Application\Runtime\Cache\Home\2a94b8bda04ff446dcedd42276fc99ee.php 第 121 行.
NOTIC: [8] Use of undefined constant navigator - assumed 'navigator' D:\jusou_shop\Application\Runtime\Cache\Home\2a94b8bda04ff446dcedd42276fc99ee.php 第 121 行.
NOTIC: [8] Use of undefined constant has_children - assumed 'has_children' D:\jusou_shop\Application\Runtime\Cache\Home\2a94b8bda04ff446dcedd42276fc99ee.php 第 121 行.
NOTIC: [8] Undefined index: url D:\jusou_shop\Application\Runtime\Cache\Home\2a94b8bda04ff446dcedd42276fc99ee.php 第 122 行.
NOTIC: [8] Undefined index: has_children D:\jusou_shop\Application\Runtime\Cache\Home\2a94b8bda04ff446dcedd42276fc99ee.php 第 122 行.
NOTIC: [8] Undefined index: name D:\jusou_shop\Application\Runtime\Cache\Home\2a94b8bda04ff446dcedd42276fc99ee.php 第 123 行.
NOTIC: [8] Undefined index: has_children D:\jusou_shop\Application\Runtime\Cache\Home\2a94b8bda04ff446dcedd42276fc99ee.php 第 124 行.
NOTIC: [8] Undefined index: has_children D:\jusou_shop\Application\Runtime\Cache\Home\2a94b8bda04ff446dcedd42276fc99ee.php 第 126 行.
INFO: Run Behavior\ParseTemplateBehavior [ RunTime:0.175669s ]
INFO: [ view_parse ] --END-- [ RunTime:0.176086s ]
INFO: [ view_filter ] --START--
INFO: Run Behavior\WriteHtmlCacheBehavior [ RunTime:0.003100s ]
INFO: [ view_filter ] --END-- [ RunTime:0.003266s ]
INFO: [ app_end ] --START--
INFO: Run Behavior\ShowPageTraceBehavior [ RunTime:0.001016s ]
INFO: [ app_end ] --END-- [ RunTime:0.001260s ]

