[ 2015-04-10T14:13:40+08:00 ] 127.0.0.1 /
INFO: [ app_init ] --START--
INFO: Run Behavior\BuildLiteBehavior [ RunTime:0.000000s ]
INFO: [ app_init ] --END-- [ RunTime:0.007001s ]
INFO: [ app_begin ] --START--
INFO: Run Behavior\ReadHtmlCacheBehavior [ RunTime:0.023001s ]
INFO: [ app_begin ] --END-- [ RunTime:0.026001s ]
SQL: SHOW COLUMNS FROM `js_brand` [ RunTime:0.230013s ]
SQL: SELECT `brand_id` FROM `js_brand` WHERE `store_id` = 3  [ RunTime:0.053003s ]
NOTIC: [2] Invalid argument supplied for foreach() D:\website\jusou_shop\Application\Home\Controller\BrandController.class.php 第 10 行.
SQL: SELECT * FROM `js_brand` WHERE `brand_id` IN ('')  [ RunTime:0.002000s ]
SQL: SHOW COLUMNS FROM `js_goods` [ RunTime:0.144008s ]
SQL: SHOW COLUMNS FROM `js_category` [ RunTime:0.171010s ]
SQL: SELECT * FROM `js_goods` WHERE `store_id` = 3 AND `is_delete` = 0  [ RunTime:0.041002s ]
NOTIC: [2] Missing argument 1 for Home\Model\CategoryModel::getCatNameById(), called in D:\website\jusou_shop\Application\Home\Controller\GoodsController.class.php on line 21 and defined D:\website\jusou_shop\Application\Home\Model\CategoryModel.class.php 第 13 行.
NOTIC: [8] Undefined variable: id D:\website\jusou_shop\Application\Home\Model\CategoryModel.class.php 第 14 行.
SQL: SELECT `cat_name` FROM `js_category` WHERE `id` = null  [ RunTime:0.040002s ]
SQL: SELECT `market_price`,`shop_price`,`promote_price`,`is_promote` FROM `js_goods` WHERE `goods_id` = 1  [ RunTime:0.000000s ]
NOTIC: [2] Missing argument 1 for Home\Model\CategoryModel::getCatNameById(), called in D:\website\jusou_shop\Application\Home\Controller\GoodsController.class.php on line 21 and defined D:\website\jusou_shop\Application\Home\Model\CategoryModel.class.php 第 13 行.
NOTIC: [8] Undefined variable: id D:\website\jusou_shop\Application\Home\Model\CategoryModel.class.php 第 14 行.
SQL: SELECT `cat_name` FROM `js_category` WHERE `id` = null  [ RunTime:0.001000s ]
SQL: SELECT `market_price`,`shop_price`,`promote_price`,`is_promote` FROM `js_goods` WHERE `goods_id` = 4  [ RunTime:0.001000s ]
NOTIC: [2] Missing argument 1 for Home\Model\CategoryModel::getCatNameById(), called in D:\website\jusou_shop\Application\Home\Controller\GoodsController.class.php on line 21 and defined D:\website\jusou_shop\Application\Home\Model\CategoryModel.class.php 第 13 行.
NOTIC: [8] Undefined variable: id D:\website\jusou_shop\Application\Home\Model\CategoryModel.class.php 第 14 行.
SQL: SELECT `cat_name` FROM `js_category` WHERE `id` = null  [ RunTime:0.001000s ]
SQL: SELECT `market_price`,`shop_price`,`promote_price`,`is_promote` FROM `js_goods` WHERE `goods_id` = 3  [ RunTime:0.001000s ]
NOTIC: [2] Missing argument 1 for Home\Model\CategoryModel::getCatNameById(), called in D:\website\jusou_shop\Application\Home\Controller\GoodsController.class.php on line 21 and defined D:\website\jusou_shop\Application\Home\Model\CategoryModel.class.php 第 13 行.
NOTIC: [8] Undefined variable: id D:\website\jusou_shop\Application\Home\Model\CategoryModel.class.php 第 14 行.
SQL: SELECT `cat_name` FROM `js_category` WHERE `id` = null  [ RunTime:0.001000s ]
SQL: SELECT `market_price`,`shop_price`,`promote_price`,`is_promote` FROM `js_goods` WHERE `goods_id` = 5  [ RunTime:0.001000s ]
NOTIC: [2] Missing argument 1 for Home\Model\CategoryModel::getCatNameById(), called in D:\website\jusou_shop\Application\Home\Controller\GoodsController.class.php on line 21 and defined D:\website\jusou_shop\Application\Home\Model\CategoryModel.class.php 第 13 行.
NOTIC: [8] Undefined variable: id D:\website\jusou_shop\Application\Home\Model\CategoryModel.class.php 第 14 行.
SQL: SELECT `cat_name` FROM `js_category` WHERE `id` = null  [ RunTime:0.001000s ]
SQL: SELECT `market_price`,`shop_price`,`promote_price`,`is_promote` FROM `js_goods` WHERE `goods_id` = 6  [ RunTime:0.001000s ]
NOTIC: [2] Missing argument 1 for Home\Model\CategoryModel::getCatNameById(), called in D:\website\jusou_shop\Application\Home\Controller\GoodsController.class.php on line 21 and defined D:\website\jusou_shop\Application\Home\Model\CategoryModel.class.php 第 13 行.
NOTIC: [8] Undefined variable: id D:\website\jusou_shop\Application\Home\Model\CategoryModel.class.php 第 14 行.
SQL: SELECT `cat_name` FROM `js_category` WHERE `id` = null  [ RunTime:0.001000s ]
SQL: SELECT `market_price`,`shop_price`,`promote_price`,`is_promote` FROM `js_goods` WHERE `goods_id` = 33  [ RunTime:0.001000s ]
NOTIC: [2] Missing argument 1 for Home\Model\CategoryModel::getCatNameById(), called in D:\website\jusou_shop\Application\Home\Controller\GoodsController.class.php on line 21 and defined D:\website\jusou_shop\Application\Home\Model\CategoryModel.class.php 第 13 行.
NOTIC: [8] Undefined variable: id D:\website\jusou_shop\Application\Home\Model\CategoryModel.class.php 第 14 行.
SQL: SELECT `cat_name` FROM `js_category` WHERE `id` = null  [ RunTime:0.001001s ]
SQL: SELECT `market_price`,`shop_price`,`promote_price`,`is_promote` FROM `js_goods` WHERE `goods_id` = 34  [ RunTime:0.001000s ]
NOTIC: [2] Missing argument 1 for Home\Model\CategoryModel::getCatNameById(), called in D:\website\jusou_shop\Application\Home\Controller\GoodsController.class.php on line 21 and defined D:\website\jusou_shop\Application\Home\Model\CategoryModel.class.php 第 13 行.
NOTIC: [8] Undefined variable: id D:\website\jusou_shop\Application\Home\Model\CategoryModel.class.php 第 14 行.
SQL: SELECT `cat_name` FROM `js_category` WHERE `id` = null  [ RunTime:0.001000s ]
SQL: SELECT `market_price`,`shop_price`,`promote_price`,`is_promote` FROM `js_goods` WHERE `goods_id` = 35  [ RunTime:0.001000s ]
NOTIC: [2] Missing argument 1 for Home\Model\CategoryModel::getCatNameById(), called in D:\website\jusou_shop\Application\Home\Controller\GoodsController.class.php on line 21 and defined D:\website\jusou_shop\Application\Home\Model\CategoryModel.class.php 第 13 行.
NOTIC: [8] Undefined variable: id D:\website\jusou_shop\Application\Home\Model\CategoryModel.class.php 第 14 行.
SQL: SELECT `cat_name` FROM `js_category` WHERE `id` = null  [ RunTime:0.001000s ]
SQL: SELECT `market_price`,`shop_price`,`promote_price`,`is_promote` FROM `js_goods` WHERE `goods_id` = 36  [ RunTime:0.001000s ]
NOTIC: [2] Missing argument 1 for Home\Model\CategoryModel::getCatNameById(), called in D:\website\jusou_shop\Application\Home\Controller\GoodsController.class.php on line 21 and defined D:\website\jusou_shop\Application\Home\Model\CategoryModel.class.php 第 13 行.
NOTIC: [8] Undefined variable: id D:\website\jusou_shop\Application\Home\Model\CategoryModel.class.php 第 14 行.
SQL: SELECT `cat_name` FROM `js_category` WHERE `id` = null  [ RunTime:0.001000s ]
SQL: SELECT `market_price`,`shop_price`,`promote_price`,`is_promote` FROM `js_goods` WHERE `goods_id` = 11  [ RunTime:0.001000s ]
NOTIC: [2] Missing argument 1 for Home\Model\CategoryModel::getCatNameById(), called in D:\website\jusou_shop\Application\Home\Controller\GoodsController.class.php on line 21 and defined D:\website\jusou_shop\Application\Home\Model\CategoryModel.class.php 第 13 行.
NOTIC: [8] Undefined variable: id D:\website\jusou_shop\Application\Home\Model\CategoryModel.class.php 第 14 行.
SQL: SELECT `cat_name` FROM `js_category` WHERE `id` = null  [ RunTime:0.001000s ]
SQL: SELECT `market_price`,`shop_price`,`promote_price`,`is_promote` FROM `js_goods` WHERE `goods_id` = 23  [ RunTime:0.001001s ]
NOTIC: [2] Missing argument 1 for Home\Model\CategoryModel::getCatNameById(), called in D:\website\jusou_shop\Application\Home\Controller\GoodsController.class.php on line 21 and defined D:\website\jusou_shop\Application\Home\Model\CategoryModel.class.php 第 13 行.
NOTIC: [8] Undefined variable: id D:\website\jusou_shop\Application\Home\Model\CategoryModel.class.php 第 14 行.
SQL: SELECT `cat_name` FROM `js_category` WHERE `id` = null  [ RunTime:0.001000s ]
SQL: SELECT `market_price`,`shop_price`,`promote_price`,`is_promote` FROM `js_goods` WHERE `goods_id` = 24  [ RunTime:0.002000s ]
NOTIC: [2] Missing argument 1 for Home\Model\CategoryModel::getCatNameById(), called in D:\website\jusou_shop\Application\Home\Controller\GoodsController.class.php on line 21 and defined D:\website\jusou_shop\Application\Home\Model\CategoryModel.class.php 第 13 行.
NOTIC: [8] Undefined variable: id D:\website\jusou_shop\Application\Home\Model\CategoryModel.class.php 第 14 行.
SQL: SELECT `cat_name` FROM `js_category` WHERE `id` = null  [ RunTime:0.001000s ]
SQL: SELECT `market_price`,`shop_price`,`promote_price`,`is_promote` FROM `js_goods` WHERE `goods_id` = 25  [ RunTime:0.001000s ]
NOTIC: [2] Missing argument 1 for Home\Model\CategoryModel::getCatNameById(), called in D:\website\jusou_shop\Application\Home\Controller\GoodsController.class.php on line 21 and defined D:\website\jusou_shop\Application\Home\Model\CategoryModel.class.php 第 13 行.
NOTIC: [8] Undefined variable: id D:\website\jusou_shop\Application\Home\Model\CategoryModel.class.php 第 14 行.
SQL: SELECT `cat_name` FROM `js_category` WHERE `id` = null  [ RunTime:0.001000s ]
SQL: SELECT `market_price`,`shop_price`,`promote_price`,`is_promote` FROM `js_goods` WHERE `goods_id` = 26  [ RunTime:0.001000s ]
NOTIC: [2] Missing argument 1 for Home\Model\CategoryModel::getCatNameById(), called in D:\website\jusou_shop\Application\Home\Controller\GoodsController.class.php on line 21 and defined D:\website\jusou_shop\Application\Home\Model\CategoryModel.class.php 第 13 行.
NOTIC: [8] Undefined variable: id D:\website\jusou_shop\Application\Home\Model\CategoryModel.class.php 第 14 行.
SQL: SELECT `cat_name` FROM `js_category` WHERE `id` = null  [ RunTime:0.001000s ]
SQL: SELECT `market_price`,`shop_price`,`promote_price`,`is_promote` FROM `js_goods` WHERE `goods_id` = 27  [ RunTime:0.001000s ]
NOTIC: [2] Missing argument 1 for Home\Model\CategoryModel::getCatNameById(), called in D:\website\jusou_shop\Application\Home\Controller\GoodsController.class.php on line 21 and defined D:\website\jusou_shop\Application\Home\Model\CategoryModel.class.php 第 13 行.
NOTIC: [8] Undefined variable: id D:\website\jusou_shop\Application\Home\Model\CategoryModel.class.php 第 14 行.
SQL: SELECT `cat_name` FROM `js_category` WHERE `id` = null  [ RunTime:0.001001s ]
SQL: SELECT `market_price`,`shop_price`,`promote_price`,`is_promote` FROM `js_goods` WHERE `goods_id` = 28  [ RunTime:0.001000s ]
NOTIC: [2] Missing argument 1 for Home\Model\CategoryModel::getCatNameById(), called in D:\website\jusou_shop\Application\Home\Controller\GoodsController.class.php on line 21 and defined D:\website\jusou_shop\Application\Home\Model\CategoryModel.class.php 第 13 行.
NOTIC: [8] Undefined variable: id D:\website\jusou_shop\Application\Home\Model\CategoryModel.class.php 第 14 行.
SQL: SELECT `cat_name` FROM `js_category` WHERE `id` = null  [ RunTime:0.001000s ]
SQL: SELECT `market_price`,`shop_price`,`promote_price`,`is_promote` FROM `js_goods` WHERE `goods_id` = 29  [ RunTime:0.001000s ]
NOTIC: [2] Missing argument 1 for Home\Model\CategoryModel::getCatNameById(), called in D:\website\jusou_shop\Application\Home\Controller\GoodsController.class.php on line 21 and defined D:\website\jusou_shop\Application\Home\Model\CategoryModel.class.php 第 13 行.
NOTIC: [8] Undefined variable: id D:\website\jusou_shop\Application\Home\Model\CategoryModel.class.php 第 14 行.
SQL: SELECT `cat_name` FROM `js_category` WHERE `id` = null  [ RunTime:0.001000s ]
SQL: SELECT `market_price`,`shop_price`,`promote_price`,`is_promote` FROM `js_goods` WHERE `goods_id` = 30  [ RunTime:0.001000s ]
NOTIC: [2] Missing argument 1 for Home\Model\CategoryModel::getCatNameById(), called in D:\website\jusou_shop\Application\Home\Controller\GoodsController.class.php on line 21 and defined D:\website\jusou_shop\Application\Home\Model\CategoryModel.class.php 第 13 行.
NOTIC: [8] Undefined variable: id D:\website\jusou_shop\Application\Home\Model\CategoryModel.class.php 第 14 行.
SQL: SELECT `cat_name` FROM `js_category` WHERE `id` = null  [ RunTime:0.001000s ]
SQL: SELECT `market_price`,`shop_price`,`promote_price`,`is_promote` FROM `js_goods` WHERE `goods_id` = 31  [ RunTime:0.001000s ]
NOTIC: [2] Missing argument 1 for Home\Model\CategoryModel::getCatNameById(), called in D:\website\jusou_shop\Application\Home\Controller\GoodsController.class.php on line 21 and defined D:\website\jusou_shop\Application\Home\Model\CategoryModel.class.php 第 13 行.
NOTIC: [8] Undefined variable: id D:\website\jusou_shop\Application\Home\Model\CategoryModel.class.php 第 14 行.
SQL: SELECT `cat_name` FROM `js_category` WHERE `id` = null  [ RunTime:0.000000s ]
SQL: SELECT `market_price`,`shop_price`,`promote_price`,`is_promote` FROM `js_goods` WHERE `goods_id` = 32  [ RunTime:0.001000s ]
SQL: SHOW COLUMNS FROM `js_nav` [ RunTime:0.074004s ]
SQL: SELECT * FROM `js_nav` WHERE `parent_id` = 0  [ RunTime:0.004000s ]
SQL: SELECT * FROM `js_nav` WHERE `parent_id` = 2  [ RunTime:0.001000s ]
SQL: SELECT * FROM `js_nav` WHERE `parent_id` = 3  [ RunTime:0.001000s ]
SQL: SELECT * FROM `js_nav` WHERE `parent_id` = 6  [ RunTime:0.001000s ]
SQL: SELECT * FROM `js_nav` WHERE `parent_id` = 10  [ RunTime:0.001000s ]
SQL: SELECT * FROM `js_nav` WHERE `parent_id` = 4  [ RunTime:0.001000s ]
SQL: SELECT * FROM `js_nav` WHERE `parent_id` = 5  [ RunTime:0.001000s ]
SQL: SELECT * FROM `js_nav` WHERE `parent_id` = 7  [ RunTime:0.001000s ]
SQL: SELECT * FROM `js_nav` WHERE `parent_id` = 8  [ RunTime:0.001000s ]
SQL: SELECT * FROM `js_nav` WHERE `parent_id` = 9  [ RunTime:0.001000s ]
SQL: SELECT * FROM `js_nav` WHERE `parent_id` = 11  [ RunTime:0.001000s ]
SQL: SELECT * FROM `js_nav` WHERE `parent_id` = 12  [ RunTime:0.001001s ]
SQL: SELECT * FROM `js_nav` WHERE `parent_id` = 14  [ RunTime:0.001000s ]
SQL: SELECT * FROM `js_nav` WHERE `parent_id` = 15  [ RunTime:0.001001s ]
SQL: SELECT * FROM `js_nav` WHERE `parent_id` = 18  [ RunTime:0.001000s ]
INFO: [ view_parse ] --START--
INFO: [ template_filter ] --START--
INFO: Run Behavior\ContentReplaceBehavior [ RunTime:0.002000s ]
INFO: [ template_filter ] --END-- [ RunTime:0.004000s ]
INFO: Run Behavior\ParseTemplateBehavior [ RunTime:0.499029s ]
INFO: [ view_parse ] --END-- [ RunTime:0.501029s ]
INFO: [ view_filter ] --START--
INFO: Run Behavior\WriteHtmlCacheBehavior [ RunTime:0.012000s ]
INFO: [ view_filter ] --END-- [ RunTime:0.014001s ]
INFO: [ app_end ] --START--
INFO: Run Behavior\ShowPageTraceBehavior [ RunTime:0.023001s ]
INFO: [ app_end ] --END-- [ RunTime:0.025001s ]

[ 2015-04-10T14:13:51+08:00 ] 127.0.0.1 /Home/Cart/showCart.html
INFO: [ app_init ] --START--
INFO: Run Behavior\BuildLiteBehavior [ RunTime:0.000000s ]
INFO: [ app_init ] --END-- [ RunTime:0.004000s ]
INFO: [ app_begin ] --START--
INFO: Run Behavior\ReadHtmlCacheBehavior [ RunTime:0.002000s ]
INFO: [ app_begin ] --END-- [ RunTime:0.005000s ]
INFO: [ view_parse ] --START--
INFO: [ template_filter ] --START--
INFO: Run Behavior\ContentReplaceBehavior [ RunTime:0.001000s ]
INFO: [ template_filter ] --END-- [ RunTime:0.004000s ]
NOTIC: [8] Undefined variable: nav D:\website\jusou_shop\Application\Runtime\Cache\Home\d6ade9039d60d4be93b4036430908bd0.php 第 75 行.
NOTIC: [8] Undefined variable: nav D:\website\jusou_shop\Application\Runtime\Cache\Home\d6ade9039d60d4be93b4036430908bd0.php 第 96 行.
INFO: Run Behavior\ParseTemplateBehavior [ RunTime:0.142008s ]
INFO: [ view_parse ] --END-- [ RunTime:0.144008s ]
INFO: [ view_filter ] --START--
INFO: Run Behavior\WriteHtmlCacheBehavior [ RunTime:0.002000s ]
INFO: [ view_filter ] --END-- [ RunTime:0.004000s ]
INFO: [ app_end ] --START--
INFO: Run Behavior\ShowPageTraceBehavior [ RunTime:0.002000s ]
INFO: [ app_end ] --END-- [ RunTime:0.004000s ]

[ 2015-04-10T14:15:25+08:00 ] 127.0.0.1 /Home/Cart/showCart.html
INFO: [ app_init ] --START--
INFO: Run Behavior\BuildLiteBehavior [ RunTime:0.001000s ]
INFO: [ app_init ] --END-- [ RunTime:0.004001s ]
INFO: [ app_begin ] --START--
INFO: Run Behavior\ReadHtmlCacheBehavior [ RunTime:0.002000s ]
INFO: [ app_begin ] --END-- [ RunTime:0.004001s ]
INFO: [ view_parse ] --START--
INFO: [ template_filter ] --START--
INFO: Run Behavior\ContentReplaceBehavior [ RunTime:0.003000s ]
INFO: [ template_filter ] --END-- [ RunTime:0.006000s ]
NOTIC: [8] Undefined variable: nav D:\website\jusou_shop\Application\Runtime\Cache\Home\d6ade9039d60d4be93b4036430908bd0.php 第 75 行.
NOTIC: [8] Undefined variable: nav D:\website\jusou_shop\Application\Runtime\Cache\Home\d6ade9039d60d4be93b4036430908bd0.php 第 96 行.
INFO: Run Behavior\ParseTemplateBehavior [ RunTime:0.190010s ]
INFO: [ view_parse ] --END-- [ RunTime:0.192011s ]
INFO: [ view_filter ] --START--
INFO: Run Behavior\WriteHtmlCacheBehavior [ RunTime:0.002000s ]
INFO: [ view_filter ] --END-- [ RunTime:0.007000s ]
INFO: [ app_end ] --START--
INFO: Run Behavior\ShowPageTraceBehavior [ RunTime:0.052003s ]
INFO: [ app_end ] --END-- [ RunTime:0.055003s ]

[ 2015-04-10T14:30:56+08:00 ] 127.0.0.1 /Home/Cart/showCart.html
INFO: [ app_init ] --START--
INFO: Run Behavior\BuildLiteBehavior [ RunTime:0.002000s ]
INFO: [ app_init ] --END-- [ RunTime:0.006000s ]
INFO: [ app_begin ] --START--
INFO: Run Behavior\ReadHtmlCacheBehavior [ RunTime:0.004001s ]
INFO: [ app_begin ] --END-- [ RunTime:0.007001s ]
INFO: [ view_parse ] --START--
INFO: [ template_filter ] --START--
INFO: Run Behavior\ContentReplaceBehavior [ RunTime:0.001000s ]
INFO: [ template_filter ] --END-- [ RunTime:0.003000s ]
NOTIC: [8] Undefined variable: nav D:\website\jusou_shop\Application\Runtime\Cache\Home\d6ade9039d60d4be93b4036430908bd0.php 第 75 行.
NOTIC: [8] Undefined variable: nav D:\website\jusou_shop\Application\Runtime\Cache\Home\d6ade9039d60d4be93b4036430908bd0.php 第 96 行.
INFO: Run Behavior\ParseTemplateBehavior [ RunTime:0.219013s ]
INFO: [ view_parse ] --END-- [ RunTime:0.225013s ]
INFO: [ view_filter ] --START--
INFO: Run Behavior\WriteHtmlCacheBehavior [ RunTime:0.002000s ]
INFO: [ view_filter ] --END-- [ RunTime:0.004000s ]
INFO: [ app_end ] --START--
INFO: Run Behavior\ShowPageTraceBehavior [ RunTime:0.002000s ]
INFO: [ app_end ] --END-- [ RunTime:0.004001s ]

[ 2015-04-10T14:31:57+08:00 ] 127.0.0.1 /Home/Cart/showCart.html
INFO: [ app_init ] --START--
INFO: Run Behavior\BuildLiteBehavior [ RunTime:0.001000s ]
INFO: [ app_init ] --END-- [ RunTime:0.005000s ]
INFO: [ app_begin ] --START--
INFO: Run Behavior\ReadHtmlCacheBehavior [ RunTime:0.002000s ]
INFO: [ app_begin ] --END-- [ RunTime:0.004000s ]
INFO: [ view_parse ] --START--
INFO: [ template_filter ] --START--
INFO: Run Behavior\ContentReplaceBehavior [ RunTime:0.002000s ]
INFO: [ template_filter ] --END-- [ RunTime:0.004000s ]
NOTIC: [8] Undefined variable: nav D:\website\jusou_shop\Application\Runtime\Cache\Home\d6ade9039d60d4be93b4036430908bd0.php 第 75 行.
NOTIC: [8] Undefined variable: nav D:\website\jusou_shop\Application\Runtime\Cache\Home\d6ade9039d60d4be93b4036430908bd0.php 第 96 行.
INFO: Run Behavior\ParseTemplateBehavior [ RunTime:0.153008s ]
INFO: [ view_parse ] --END-- [ RunTime:0.156008s ]
INFO: [ view_filter ] --START--
INFO: Run Behavior\WriteHtmlCacheBehavior [ RunTime:0.002000s ]
INFO: [ view_filter ] --END-- [ RunTime:0.004000s ]
INFO: [ app_end ] --START--
INFO: Run Behavior\ShowPageTraceBehavior [ RunTime:0.005000s ]
INFO: [ app_end ] --END-- [ RunTime:0.007000s ]

[ 2015-04-10T14:32:37+08:00 ] 127.0.0.1 /Home/Order/checkout.html
INFO: [ app_init ] --START--
INFO: Run Behavior\BuildLiteBehavior [ RunTime:0.000000s ]
INFO: [ app_init ] --END-- [ RunTime:0.003000s ]
INFO: [ app_begin ] --START--
INFO: Run Behavior\ReadHtmlCacheBehavior [ RunTime:0.002000s ]
INFO: [ app_begin ] --END-- [ RunTime:0.004001s ]
INFO: [ view_parse ] --START--
INFO: [ template_filter ] --START--
INFO: Run Behavior\ContentReplaceBehavior [ RunTime:0.001000s ]
INFO: [ template_filter ] --END-- [ RunTime:0.004001s ]
NOTIC: [8] Undefined variable: nav D:\website\jusou_shop\Application\Runtime\Cache\Home\6330a85ac6bcaa8c805c2b5f3ce0f8c4.php 第 75 行.
NOTIC: [8] Undefined variable: nav D:\website\jusou_shop\Application\Runtime\Cache\Home\6330a85ac6bcaa8c805c2b5f3ce0f8c4.php 第 96 行.
NOTIC: [8] Undefined variable: nav D:\website\jusou_shop\Application\Runtime\Cache\Home\6330a85ac6bcaa8c805c2b5f3ce0f8c4.php 第 371 行.
NOTIC: [8] Undefined variable: nav D:\website\jusou_shop\Application\Runtime\Cache\Home\6330a85ac6bcaa8c805c2b5f3ce0f8c4.php 第 392 行.
INFO: Run Behavior\ParseTemplateBehavior [ RunTime:0.226013s ]
INFO: [ view_parse ] --END-- [ RunTime:0.228013s ]
INFO: [ view_filter ] --START--
INFO: Run Behavior\WriteHtmlCacheBehavior [ RunTime:0.001000s ]
INFO: [ view_filter ] --END-- [ RunTime:0.004000s ]
INFO: [ app_end ] --START--
INFO: Run Behavior\ShowPageTraceBehavior [ RunTime:0.002000s ]
INFO: [ app_end ] --END-- [ RunTime:0.004000s ]

[ 2015-04-10T15:23:39+08:00 ] 127.0.0.1 /Home/Order/checkout.html
INFO: [ app_init ] --START--
INFO: Run Behavior\BuildLiteBehavior [ RunTime:0.001000s ]
INFO: [ app_init ] --END-- [ RunTime:0.003000s ]
INFO: [ app_begin ] --START--
INFO: Run Behavior\ReadHtmlCacheBehavior [ RunTime:0.002000s ]
INFO: [ app_begin ] --END-- [ RunTime:0.007000s ]
INFO: [ view_parse ] --START--
INFO: [ template_filter ] --START--
INFO: Run Behavior\ContentReplaceBehavior [ RunTime:0.001000s ]
INFO: [ template_filter ] --END-- [ RunTime:0.003000s ]
NOTIC: [8] Undefined variable: nav D:\website\jusou_shop\Application\Runtime\Cache\Home\6330a85ac6bcaa8c805c2b5f3ce0f8c4.php 第 75 行.
NOTIC: [8] Undefined variable: nav D:\website\jusou_shop\Application\Runtime\Cache\Home\6330a85ac6bcaa8c805c2b5f3ce0f8c4.php 第 96 行.
NOTIC: [8] Undefined variable: nav D:\website\jusou_shop\Application\Runtime\Cache\Home\6330a85ac6bcaa8c805c2b5f3ce0f8c4.php 第 371 行.
NOTIC: [8] Undefined variable: nav D:\website\jusou_shop\Application\Runtime\Cache\Home\6330a85ac6bcaa8c805c2b5f3ce0f8c4.php 第 392 行.
INFO: Run Behavior\ParseTemplateBehavior [ RunTime:0.236014s ]
INFO: [ view_parse ] --END-- [ RunTime:0.238014s ]
INFO: [ view_filter ] --START--
INFO: Run Behavior\WriteHtmlCacheBehavior [ RunTime:0.002000s ]
INFO: [ view_filter ] --END-- [ RunTime:0.004000s ]
INFO: [ app_end ] --START--
INFO: Run Behavior\ShowPageTraceBehavior [ RunTime:0.005001s ]
INFO: [ app_end ] --END-- [ RunTime:0.007001s ]

[ 2015-04-10T15:38:04+08:00 ] 127.0.0.1 /Home/Order/checkout.html
INFO: [ app_init ] --START--
INFO: Run Behavior\BuildLiteBehavior [ RunTime:0.000000s ]
INFO: [ app_init ] --END-- [ RunTime:0.004000s ]
INFO: [ app_begin ] --START--
INFO: Run Behavior\ReadHtmlCacheBehavior [ RunTime:0.002000s ]
INFO: [ app_begin ] --END-- [ RunTime:0.004000s ]
INFO: [ view_parse ] --START--
INFO: [ template_filter ] --START--
INFO: Run Behavior\ContentReplaceBehavior [ RunTime:0.001000s ]
INFO: [ template_filter ] --END-- [ RunTime:0.003001s ]
NOTIC: [8] Undefined variable: nav D:\website\jusou_shop\Application\Runtime\Cache\Home\6330a85ac6bcaa8c805c2b5f3ce0f8c4.php 第 75 行.
NOTIC: [8] Undefined variable: nav D:\website\jusou_shop\Application\Runtime\Cache\Home\6330a85ac6bcaa8c805c2b5f3ce0f8c4.php 第 96 行.
NOTIC: [8] Undefined variable: nav D:\website\jusou_shop\Application\Runtime\Cache\Home\6330a85ac6bcaa8c805c2b5f3ce0f8c4.php 第 371 行.
NOTIC: [8] Undefined variable: nav D:\website\jusou_shop\Application\Runtime\Cache\Home\6330a85ac6bcaa8c805c2b5f3ce0f8c4.php 第 392 行.
INFO: Run Behavior\ParseTemplateBehavior [ RunTime:0.273016s ]
INFO: [ view_parse ] --END-- [ RunTime:0.276016s ]
INFO: [ view_filter ] --START--
INFO: Run Behavior\WriteHtmlCacheBehavior [ RunTime:0.002000s ]
INFO: [ view_filter ] --END-- [ RunTime:0.004000s ]
INFO: [ app_end ] --START--
INFO: Run Behavior\ShowPageTraceBehavior [ RunTime:0.002001s ]
INFO: [ app_end ] --END-- [ RunTime:0.004001s ]

[ 2015-04-10T15:38:04+08:00 ] 127.0.0.1 /Home/Order/checkout.html
INFO: [ app_init ] --START--
INFO: Run Behavior\BuildLiteBehavior [ RunTime:0.000000s ]
INFO: [ app_init ] --END-- [ RunTime:0.003000s ]
INFO: [ app_begin ] --START--
INFO: Run Behavior\ReadHtmlCacheBehavior [ RunTime:0.002000s ]
INFO: [ app_begin ] --END-- [ RunTime:0.004000s ]
INFO: [ view_parse ] --START--
INFO: [ template_filter ] --START--
INFO: Run Behavior\ContentReplaceBehavior [ RunTime:0.001000s ]
INFO: [ template_filter ] --END-- [ RunTime:0.005000s ]
NOTIC: [8] Undefined variable: nav D:\website\jusou_shop\Application\Runtime\Cache\Home\6330a85ac6bcaa8c805c2b5f3ce0f8c4.php 第 75 行.
NOTIC: [8] Undefined variable: nav D:\website\jusou_shop\Application\Runtime\Cache\Home\6330a85ac6bcaa8c805c2b5f3ce0f8c4.php 第 96 行.
NOTIC: [8] Undefined variable: nav D:\website\jusou_shop\Application\Runtime\Cache\Home\6330a85ac6bcaa8c805c2b5f3ce0f8c4.php 第 371 行.
NOTIC: [8] Undefined variable: nav D:\website\jusou_shop\Application\Runtime\Cache\Home\6330a85ac6bcaa8c805c2b5f3ce0f8c4.php 第 392 行.
INFO: Run Behavior\ParseTemplateBehavior [ RunTime:0.236013s ]
INFO: [ view_parse ] --END-- [ RunTime:0.238013s ]
INFO: [ view_filter ] --START--
INFO: Run Behavior\WriteHtmlCacheBehavior [ RunTime:0.002001s ]
INFO: [ view_filter ] --END-- [ RunTime:0.004001s ]
INFO: [ app_end ] --START--
INFO: Run Behavior\ShowPageTraceBehavior [ RunTime:0.002000s ]
INFO: [ app_end ] --END-- [ RunTime:0.004000s ]

[ 2015-04-10T15:38:05+08:00 ] 127.0.0.1 /Home/Order/checkout.html
INFO: [ app_init ] --START--
INFO: Run Behavior\BuildLiteBehavior [ RunTime:0.001000s ]
INFO: [ app_init ] --END-- [ RunTime:0.003000s ]
INFO: [ app_begin ] --START--
INFO: Run Behavior\ReadHtmlCacheBehavior [ RunTime:0.002000s ]
INFO: [ app_begin ] --END-- [ RunTime:0.004000s ]
INFO: [ view_parse ] --START--
INFO: [ template_filter ] --START--
INFO: Run Behavior\ContentReplaceBehavior [ RunTime:0.001000s ]
INFO: [ template_filter ] --END-- [ RunTime:0.004001s ]
NOTIC: [8] Undefined variable: nav D:\website\jusou_shop\Application\Runtime\Cache\Home\6330a85ac6bcaa8c805c2b5f3ce0f8c4.php 第 75 行.
NOTIC: [8] Undefined variable: nav D:\website\jusou_shop\Application\Runtime\Cache\Home\6330a85ac6bcaa8c805c2b5f3ce0f8c4.php 第 96 行.
NOTIC: [8] Undefined variable: nav D:\website\jusou_shop\Application\Runtime\Cache\Home\6330a85ac6bcaa8c805c2b5f3ce0f8c4.php 第 371 行.
NOTIC: [8] Undefined variable: nav D:\website\jusou_shop\Application\Runtime\Cache\Home\6330a85ac6bcaa8c805c2b5f3ce0f8c4.php 第 392 行.
INFO: Run Behavior\ParseTemplateBehavior [ RunTime:0.341019s ]
INFO: [ view_parse ] --END-- [ RunTime:0.343019s ]
INFO: [ view_filter ] --START--
INFO: Run Behavior\WriteHtmlCacheBehavior [ RunTime:0.007000s ]
INFO: [ view_filter ] --END-- [ RunTime:0.010000s ]
INFO: [ app_end ] --START--
INFO: Run Behavior\ShowPageTraceBehavior [ RunTime:0.002000s ]
INFO: [ app_end ] --END-- [ RunTime:0.005000s ]

[ 2015-04-10T15:38:05+08:00 ] 127.0.0.1 /Home/Order/checkout.html
INFO: [ app_init ] --START--
INFO: Run Behavior\BuildLiteBehavior [ RunTime:0.000000s ]
INFO: [ app_init ] --END-- [ RunTime:0.003000s ]
INFO: [ app_begin ] --START--
INFO: Run Behavior\ReadHtmlCacheBehavior [ RunTime:0.002000s ]
INFO: [ app_begin ] --END-- [ RunTime:0.005000s ]
INFO: [ view_parse ] --START--
INFO: [ template_filter ] --START--
INFO: Run Behavior\ContentReplaceBehavior [ RunTime:0.003000s ]
INFO: [ template_filter ] --END-- [ RunTime:0.006000s ]
NOTIC: [8] Undefined variable: nav D:\website\jusou_shop\Application\Runtime\Cache\Home\6330a85ac6bcaa8c805c2b5f3ce0f8c4.php 第 75 行.
NOTIC: [8] Undefined variable: nav D:\website\jusou_shop\Application\Runtime\Cache\Home\6330a85ac6bcaa8c805c2b5f3ce0f8c4.php 第 96 行.
NOTIC: [8] Undefined variable: nav D:\website\jusou_shop\Application\Runtime\Cache\Home\6330a85ac6bcaa8c805c2b5f3ce0f8c4.php 第 371 行.
NOTIC: [8] Undefined variable: nav D:\website\jusou_shop\Application\Runtime\Cache\Home\6330a85ac6bcaa8c805c2b5f3ce0f8c4.php 第 392 行.
INFO: Run Behavior\ParseTemplateBehavior [ RunTime:0.355020s ]
INFO: [ view_parse ] --END-- [ RunTime:0.357020s ]
INFO: [ view_filter ] --START--
INFO: Run Behavior\WriteHtmlCacheBehavior [ RunTime:0.002000s ]
INFO: [ view_filter ] --END-- [ RunTime:0.005000s ]
INFO: [ app_end ] --START--
INFO: Run Behavior\ShowPageTraceBehavior [ RunTime:0.002000s ]
INFO: [ app_end ] --END-- [ RunTime:0.005000s ]

[ 2015-04-10T15:38:06+08:00 ] 127.0.0.1 /Home/Order/checkout.html
INFO: [ app_init ] --START--
INFO: Run Behavior\BuildLiteBehavior [ RunTime:0.001000s ]
INFO: [ app_init ] --END-- [ RunTime:0.008001s ]
INFO: [ app_begin ] --START--
INFO: Run Behavior\ReadHtmlCacheBehavior [ RunTime:0.002000s ]
INFO: [ app_begin ] --END-- [ RunTime:0.006000s ]
INFO: [ view_parse ] --START--
INFO: [ template_filter ] --START--
INFO: Run Behavior\ContentReplaceBehavior [ RunTime:0.001000s ]
INFO: [ template_filter ] --END-- [ RunTime:0.004000s ]
NOTIC: [8] Undefined variable: nav D:\website\jusou_shop\Application\Runtime\Cache\Home\6330a85ac6bcaa8c805c2b5f3ce0f8c4.php 第 75 行.
NOTIC: [8] Undefined variable: nav D:\website\jusou_shop\Application\Runtime\Cache\Home\6330a85ac6bcaa8c805c2b5f3ce0f8c4.php 第 96 行.
NOTIC: [8] Undefined variable: nav D:\website\jusou_shop\Application\Runtime\Cache\Home\6330a85ac6bcaa8c805c2b5f3ce0f8c4.php 第 371 行.
NOTIC: [8] Undefined variable: nav D:\website\jusou_shop\Application\Runtime\Cache\Home\6330a85ac6bcaa8c805c2b5f3ce0f8c4.php 第 392 行.
INFO: Run Behavior\ParseTemplateBehavior [ RunTime:0.350020s ]
INFO: [ view_parse ] --END-- [ RunTime:0.352020s ]
INFO: [ view_filter ] --START--
INFO: Run Behavior\WriteHtmlCacheBehavior [ RunTime:0.001001s ]
INFO: [ view_filter ] --END-- [ RunTime:0.004001s ]
INFO: [ app_end ] --START--
INFO: Run Behavior\ShowPageTraceBehavior [ RunTime:0.002000s ]
INFO: [ app_end ] --END-- [ RunTime:0.004000s ]

[ 2015-04-10T15:38:06+08:00 ] 127.0.0.1 /Home/Order/checkout.html
INFO: [ app_init ] --START--
INFO: Run Behavior\BuildLiteBehavior [ RunTime:0.000000s ]
INFO: [ app_init ] --END-- [ RunTime:0.004000s ]
INFO: [ app_begin ] --START--
INFO: Run Behavior\ReadHtmlCacheBehavior [ RunTime:0.002000s ]
INFO: [ app_begin ] --END-- [ RunTime:0.004000s ]
INFO: [ view_parse ] --START--
INFO: [ template_filter ] --START--
INFO: Run Behavior\ContentReplaceBehavior [ RunTime:0.001000s ]
INFO: [ template_filter ] --END-- [ RunTime:0.003000s ]
NOTIC: [8] Undefined variable: nav D:\website\jusou_shop\Application\Runtime\Cache\Home\6330a85ac6bcaa8c805c2b5f3ce0f8c4.php 第 75 行.
NOTIC: [8] Undefined variable: nav D:\website\jusou_shop\Application\Runtime\Cache\Home\6330a85ac6bcaa8c805c2b5f3ce0f8c4.php 第 96 行.
NOTIC: [8] Undefined variable: nav D:\website\jusou_shop\Application\Runtime\Cache\Home\6330a85ac6bcaa8c805c2b5f3ce0f8c4.php 第 371 行.
NOTIC: [8] Undefined variable: nav D:\website\jusou_shop\Application\Runtime\Cache\Home\6330a85ac6bcaa8c805c2b5f3ce0f8c4.php 第 392 行.
INFO: Run Behavior\ParseTemplateBehavior [ RunTime:0.256614s ]
INFO: [ view_parse ] --END-- [ RunTime:0.259614s ]
INFO: [ view_filter ] --START--
INFO: Run Behavior\WriteHtmlCacheBehavior [ RunTime:0.001000s ]
INFO: [ view_filter ] --END-- [ RunTime:0.003000s ]
INFO: [ app_end ] --START--
INFO: Run Behavior\ShowPageTraceBehavior [ RunTime:0.002000s ]
INFO: [ app_end ] --END-- [ RunTime:0.004000s ]

[ 2015-04-10T15:38:06+08:00 ] 127.0.0.1 /Home/Order/checkout.html
INFO: [ app_init ] --START--
INFO: Run Behavior\BuildLiteBehavior [ RunTime:0.000000s ]
INFO: [ app_init ] --END-- [ RunTime:0.006000s ]
INFO: [ app_begin ] --START--
INFO: Run Behavior\ReadHtmlCacheBehavior [ RunTime:0.002000s ]
INFO: [ app_begin ] --END-- [ RunTime:0.004000s ]
INFO: [ view_parse ] --START--
INFO: [ template_filter ] --START--
INFO: Run Behavior\ContentReplaceBehavior [ RunTime:0.001000s ]
INFO: [ template_filter ] --END-- [ RunTime:0.003000s ]
NOTIC: [8] Undefined variable: nav D:\website\jusou_shop\Application\Runtime\Cache\Home\6330a85ac6bcaa8c805c2b5f3ce0f8c4.php 第 75 行.
NOTIC: [8] Undefined variable: nav D:\website\jusou_shop\Application\Runtime\Cache\Home\6330a85ac6bcaa8c805c2b5f3ce0f8c4.php 第 96 行.
NOTIC: [8] Undefined variable: nav D:\website\jusou_shop\Application\Runtime\Cache\Home\6330a85ac6bcaa8c805c2b5f3ce0f8c4.php 第 371 行.
NOTIC: [8] Undefined variable: nav D:\website\jusou_shop\Application\Runtime\Cache\Home\6330a85ac6bcaa8c805c2b5f3ce0f8c4.php 第 392 行.
INFO: Run Behavior\ParseTemplateBehavior [ RunTime:0.252014s ]
INFO: [ view_parse ] --END-- [ RunTime:0.255014s ]
INFO: [ view_filter ] --START--
INFO: Run Behavior\WriteHtmlCacheBehavior [ RunTime:0.001000s ]
INFO: [ view_filter ] --END-- [ RunTime:0.003000s ]
INFO: [ app_end ] --START--
INFO: Run Behavior\ShowPageTraceBehavior [ RunTime:0.003000s ]
INFO: [ app_end ] --END-- [ RunTime:0.005000s ]

[ 2015-04-10T15:38:07+08:00 ] 127.0.0.1 /Home/Order/checkout.html
INFO: [ app_init ] --START--
INFO: Run Behavior\BuildLiteBehavior [ RunTime:0.001000s ]
INFO: [ app_init ] --END-- [ RunTime:0.008000s ]
INFO: [ app_begin ] --START--
INFO: Run Behavior\ReadHtmlCacheBehavior [ RunTime:0.003001s ]
INFO: [ app_begin ] --END-- [ RunTime:0.006001s ]
INFO: [ view_parse ] --START--
INFO: [ template_filter ] --START--
INFO: Run Behavior\ContentReplaceBehavior [ RunTime:0.002000s ]
INFO: [ template_filter ] --END-- [ RunTime:0.004000s ]
NOTIC: [8] Undefined variable: nav D:\website\jusou_shop\Application\Runtime\Cache\Home\6330a85ac6bcaa8c805c2b5f3ce0f8c4.php 第 75 行.
NOTIC: [8] Undefined variable: nav D:\website\jusou_shop\Application\Runtime\Cache\Home\6330a85ac6bcaa8c805c2b5f3ce0f8c4.php 第 96 行.
NOTIC: [8] Undefined variable: nav D:\website\jusou_shop\Application\Runtime\Cache\Home\6330a85ac6bcaa8c805c2b5f3ce0f8c4.php 第 371 行.
NOTIC: [8] Undefined variable: nav D:\website\jusou_shop\Application\Runtime\Cache\Home\6330a85ac6bcaa8c805c2b5f3ce0f8c4.php 第 392 行.
INFO: Run Behavior\ParseTemplateBehavior [ RunTime:0.281016s ]
INFO: [ view_parse ] --END-- [ RunTime:0.283016s ]
INFO: [ view_filter ] --START--
INFO: Run Behavior\WriteHtmlCacheBehavior [ RunTime:0.002000s ]
INFO: [ view_filter ] --END-- [ RunTime:0.004000s ]
INFO: [ app_end ] --START--
INFO: Run Behavior\ShowPageTraceBehavior [ RunTime:0.002001s ]
INFO: [ app_end ] --END-- [ RunTime:0.004001s ]

[ 2015-04-10T15:38:07+08:00 ] 127.0.0.1 /Home/Order/checkout.html
INFO: [ app_init ] --START--
INFO: Run Behavior\BuildLiteBehavior [ RunTime:0.000000s ]
INFO: [ app_init ] --END-- [ RunTime:0.005000s ]
INFO: [ app_begin ] --START--
INFO: Run Behavior\ReadHtmlCacheBehavior [ RunTime:0.002000s ]
INFO: [ app_begin ] --END-- [ RunTime:0.004000s ]
INFO: [ view_parse ] --START--
INFO: [ template_filter ] --START--
INFO: Run Behavior\ContentReplaceBehavior [ RunTime:0.002000s ]
INFO: [ template_filter ] --END-- [ RunTime:0.004000s ]
NOTIC: [8] Undefined variable: nav D:\website\jusou_shop\Application\Runtime\Cache\Home\6330a85ac6bcaa8c805c2b5f3ce0f8c4.php 第 75 行.
NOTIC: [8] Undefined variable: nav D:\website\jusou_shop\Application\Runtime\Cache\Home\6330a85ac6bcaa8c805c2b5f3ce0f8c4.php 第 96 行.
NOTIC: [8] Undefined variable: nav D:\website\jusou_shop\Application\Runtime\Cache\Home\6330a85ac6bcaa8c805c2b5f3ce0f8c4.php 第 371 行.
NOTIC: [8] Undefined variable: nav D:\website\jusou_shop\Application\Runtime\Cache\Home\6330a85ac6bcaa8c805c2b5f3ce0f8c4.php 第 392 行.
INFO: Run Behavior\ParseTemplateBehavior [ RunTime:0.256014s ]
INFO: [ view_parse ] --END-- [ RunTime:0.258014s ]
INFO: [ view_filter ] --START--
INFO: Run Behavior\WriteHtmlCacheBehavior [ RunTime:0.002001s ]
INFO: [ view_filter ] --END-- [ RunTime:0.004001s ]
INFO: [ app_end ] --START--
INFO: Run Behavior\ShowPageTraceBehavior [ RunTime:0.002000s ]
INFO: [ app_end ] --END-- [ RunTime:0.004000s ]

[ 2015-04-10T15:38:07+08:00 ] 127.0.0.1 /Home/Order/checkout.html
INFO: [ app_init ] --START--
INFO: Run Behavior\BuildLiteBehavior [ RunTime:0.001000s ]
INFO: [ app_init ] --END-- [ RunTime:0.003000s ]
INFO: [ app_begin ] --START--
INFO: Run Behavior\ReadHtmlCacheBehavior [ RunTime:0.003000s ]
INFO: [ app_begin ] --END-- [ RunTime:0.005000s ]
INFO: [ view_parse ] --START--
INFO: [ template_filter ] --START--
INFO: Run Behavior\ContentReplaceBehavior [ RunTime:0.001000s ]
INFO: [ template_filter ] --END-- [ RunTime:0.003000s ]
NOTIC: [8] Undefined variable: nav D:\website\jusou_shop\Application\Runtime\Cache\Home\6330a85ac6bcaa8c805c2b5f3ce0f8c4.php 第 75 行.
NOTIC: [8] Undefined variable: nav D:\website\jusou_shop\Application\Runtime\Cache\Home\6330a85ac6bcaa8c805c2b5f3ce0f8c4.php 第 96 行.
NOTIC: [8] Undefined variable: nav D:\website\jusou_shop\Application\Runtime\Cache\Home\6330a85ac6bcaa8c805c2b5f3ce0f8c4.php 第 371 行.
NOTIC: [8] Undefined variable: nav D:\website\jusou_shop\Application\Runtime\Cache\Home\6330a85ac6bcaa8c805c2b5f3ce0f8c4.php 第 392 行.
INFO: Run Behavior\ParseTemplateBehavior [ RunTime:0.264015s ]
INFO: [ view_parse ] --END-- [ RunTime:0.266015s ]
INFO: [ view_filter ] --START--
INFO: Run Behavior\WriteHtmlCacheBehavior [ RunTime:0.010001s ]
INFO: [ view_filter ] --END-- [ RunTime:0.012001s ]
INFO: [ app_end ] --START--
INFO: Run Behavior\ShowPageTraceBehavior [ RunTime:0.002000s ]
INFO: [ app_end ] --END-- [ RunTime:0.006000s ]

[ 2015-04-10T15:38:08+08:00 ] 127.0.0.1 /Home/Order/checkout.html
INFO: [ app_init ] --START--
INFO: Run Behavior\BuildLiteBehavior [ RunTime:0.001000s ]
INFO: [ app_init ] --END-- [ RunTime:0.003000s ]
INFO: [ app_begin ] --START--
INFO: Run Behavior\ReadHtmlCacheBehavior [ RunTime:0.002000s ]
INFO: [ app_begin ] --END-- [ RunTime:0.005000s ]
INFO: [ view_parse ] --START--
INFO: [ template_filter ] --START--
INFO: Run Behavior\ContentReplaceBehavior [ RunTime:0.002000s ]
INFO: [ template_filter ] --END-- [ RunTime:0.004000s ]
NOTIC: [8] Undefined variable: nav D:\website\jusou_shop\Application\Runtime\Cache\Home\6330a85ac6bcaa8c805c2b5f3ce0f8c4.php 第 75 行.
NOTIC: [8] Undefined variable: nav D:\website\jusou_shop\Application\Runtime\Cache\Home\6330a85ac6bcaa8c805c2b5f3ce0f8c4.php 第 96 行.
NOTIC: [8] Undefined variable: nav D:\website\jusou_shop\Application\Runtime\Cache\Home\6330a85ac6bcaa8c805c2b5f3ce0f8c4.php 第 371 行.
NOTIC: [8] Undefined variable: nav D:\website\jusou_shop\Application\Runtime\Cache\Home\6330a85ac6bcaa8c805c2b5f3ce0f8c4.php 第 392 行.
INFO: Run Behavior\ParseTemplateBehavior [ RunTime:0.297017s ]
INFO: [ view_parse ] --END-- [ RunTime:0.300018s ]
INFO: [ view_filter ] --START--
INFO: Run Behavior\WriteHtmlCacheBehavior [ RunTime:0.002000s ]
INFO: [ view_filter ] --END-- [ RunTime:0.006000s ]
INFO: [ app_end ] --START--
INFO: Run Behavior\ShowPageTraceBehavior [ RunTime:0.003001s ]
INFO: [ app_end ] --END-- [ RunTime:0.005001s ]

[ 2015-04-10T15:38:08+08:00 ] 127.0.0.1 /Home/Order/checkout.html
INFO: [ app_init ] --START--
INFO: Run Behavior\BuildLiteBehavior [ RunTime:0.000000s ]
INFO: [ app_init ] --END-- [ RunTime:0.004000s ]
INFO: [ app_begin ] --START--
INFO: Run Behavior\ReadHtmlCacheBehavior [ RunTime:0.005000s ]
INFO: [ app_begin ] --END-- [ RunTime:0.008000s ]
INFO: [ view_parse ] --START--
INFO: [ template_filter ] --START--
INFO: Run Behavior\ContentReplaceBehavior [ RunTime:0.001000s ]
INFO: [ template_filter ] --END-- [ RunTime:0.004001s ]
NOTIC: [8] Undefined variable: nav D:\website\jusou_shop\Application\Runtime\Cache\Home\6330a85ac6bcaa8c805c2b5f3ce0f8c4.php 第 75 行.
NOTIC: [8] Undefined variable: nav D:\website\jusou_shop\Application\Runtime\Cache\Home\6330a85ac6bcaa8c805c2b5f3ce0f8c4.php 第 96 行.
NOTIC: [8] Undefined variable: nav D:\website\jusou_shop\Application\Runtime\Cache\Home\6330a85ac6bcaa8c805c2b5f3ce0f8c4.php 第 371 行.
NOTIC: [8] Undefined variable: nav D:\website\jusou_shop\Application\Runtime\Cache\Home\6330a85ac6bcaa8c805c2b5f3ce0f8c4.php 第 392 行.
INFO: Run Behavior\ParseTemplateBehavior [ RunTime:0.279016s ]
INFO: [ view_parse ] --END-- [ RunTime:0.281016s ]
INFO: [ view_filter ] --START--
INFO: Run Behavior\WriteHtmlCacheBehavior [ RunTime:0.002000s ]
INFO: [ view_filter ] --END-- [ RunTime:0.004000s ]
INFO: [ app_end ] --START--
INFO: Run Behavior\ShowPageTraceBehavior [ RunTime:0.005001s ]
INFO: [ app_end ] --END-- [ RunTime:0.007001s ]

[ 2015-04-10T15:38:08+08:00 ] 127.0.0.1 /Home/Order/checkout.html
INFO: [ app_init ] --START--
INFO: Run Behavior\BuildLiteBehavior [ RunTime:0.000000s ]
INFO: [ app_init ] --END-- [ RunTime:0.006000s ]
INFO: [ app_begin ] --START--
INFO: Run Behavior\ReadHtmlCacheBehavior [ RunTime:0.002001s ]
INFO: [ app_begin ] --END-- [ RunTime:0.005001s ]
INFO: [ view_parse ] --START--
INFO: [ template_filter ] --START--
INFO: Run Behavior\ContentReplaceBehavior [ RunTime:0.002001s ]
INFO: [ template_filter ] --END-- [ RunTime:0.005001s ]
NOTIC: [8] Undefined variable: nav D:\website\jusou_shop\Application\Runtime\Cache\Home\6330a85ac6bcaa8c805c2b5f3ce0f8c4.php 第 75 行.
NOTIC: [8] Undefined variable: nav D:\website\jusou_shop\Application\Runtime\Cache\Home\6330a85ac6bcaa8c805c2b5f3ce0f8c4.php 第 96 行.
NOTIC: [8] Undefined variable: nav D:\website\jusou_shop\Application\Runtime\Cache\Home\6330a85ac6bcaa8c805c2b5f3ce0f8c4.php 第 371 行.
NOTIC: [8] Undefined variable: nav D:\website\jusou_shop\Application\Runtime\Cache\Home\6330a85ac6bcaa8c805c2b5f3ce0f8c4.php 第 392 行.
INFO: Run Behavior\ParseTemplateBehavior [ RunTime:0.347019s ]
INFO: [ view_parse ] --END-- [ RunTime:0.349019s ]
INFO: [ view_filter ] --START--
INFO: Run Behavior\WriteHtmlCacheBehavior [ RunTime:0.002000s ]
INFO: [ view_filter ] --END-- [ RunTime:0.004000s ]
INFO: [ app_end ] --START--
INFO: Run Behavior\ShowPageTraceBehavior [ RunTime:0.002000s ]
INFO: [ app_end ] --END-- [ RunTime:0.005000s ]

[ 2015-04-10T15:38:09+08:00 ] 127.0.0.1 /Home/Order/checkout.html
INFO: [ app_init ] --START--
INFO: Run Behavior\BuildLiteBehavior [ RunTime:0.001001s ]
INFO: [ app_init ] --END-- [ RunTime:0.003001s ]
INFO: [ app_begin ] --START--
INFO: Run Behavior\ReadHtmlCacheBehavior [ RunTime:0.002000s ]
INFO: [ app_begin ] --END-- [ RunTime:0.006000s ]
INFO: [ view_parse ] --START--
INFO: [ template_filter ] --START--
INFO: Run Behavior\ContentReplaceBehavior [ RunTime:0.002000s ]
INFO: [ template_filter ] --END-- [ RunTime:0.004000s ]
NOTIC: [8] Undefined variable: nav D:\website\jusou_shop\Application\Runtime\Cache\Home\6330a85ac6bcaa8c805c2b5f3ce0f8c4.php 第 75 行.
NOTIC: [8] Undefined variable: nav D:\website\jusou_shop\Application\Runtime\Cache\Home\6330a85ac6bcaa8c805c2b5f3ce0f8c4.php 第 96 行.
NOTIC: [8] Undefined variable: nav D:\website\jusou_shop\Application\Runtime\Cache\Home\6330a85ac6bcaa8c805c2b5f3ce0f8c4.php 第 371 行.
NOTIC: [8] Undefined variable: nav D:\website\jusou_shop\Application\Runtime\Cache\Home\6330a85ac6bcaa8c805c2b5f3ce0f8c4.php 第 392 行.
INFO: Run Behavior\ParseTemplateBehavior [ RunTime:0.276016s ]
INFO: [ view_parse ] --END-- [ RunTime:0.279016s ]
INFO: [ view_filter ] --START--
INFO: Run Behavior\WriteHtmlCacheBehavior [ RunTime:0.003000s ]
INFO: [ view_filter ] --END-- [ RunTime:0.007001s ]
INFO: [ app_end ] --START--
INFO: Run Behavior\ShowPageTraceBehavior [ RunTime:0.002000s ]
INFO: [ app_end ] --END-- [ RunTime:0.005000s ]

[ 2015-04-10T15:38:09+08:00 ] 127.0.0.1 /Home/Order/checkout.html
INFO: [ app_init ] --START--
INFO: Run Behavior\BuildLiteBehavior [ RunTime:0.000000s ]
INFO: [ app_init ] --END-- [ RunTime:0.010000s ]
INFO: [ app_begin ] --START--
INFO: Run Behavior\ReadHtmlCacheBehavior [ RunTime:0.006000s ]
INFO: [ app_begin ] --END-- [ RunTime:0.008000s ]
INFO: [ view_parse ] --START--
INFO: [ template_filter ] --START--
INFO: Run Behavior\ContentReplaceBehavior [ RunTime:0.002000s ]
INFO: [ template_filter ] --END-- [ RunTime:0.004000s ]
NOTIC: [8] Undefined variable: nav D:\website\jusou_shop\Application\Runtime\Cache\Home\6330a85ac6bcaa8c805c2b5f3ce0f8c4.php 第 75 行.
NOTIC: [8] Undefined variable: nav D:\website\jusou_shop\Application\Runtime\Cache\Home\6330a85ac6bcaa8c805c2b5f3ce0f8c4.php 第 96 行.
NOTIC: [8] Undefined variable: nav D:\website\jusou_shop\Application\Runtime\Cache\Home\6330a85ac6bcaa8c805c2b5f3ce0f8c4.php 第 371 行.
NOTIC: [8] Undefined variable: nav D:\website\jusou_shop\Application\Runtime\Cache\Home\6330a85ac6bcaa8c805c2b5f3ce0f8c4.php 第 392 行.
INFO: Run Behavior\ParseTemplateBehavior [ RunTime:0.311018s ]
INFO: [ view_parse ] --END-- [ RunTime:0.314018s ]
INFO: [ view_filter ] --START--
INFO: Run Behavior\WriteHtmlCacheBehavior [ RunTime:0.002001s ]
INFO: [ view_filter ] --END-- [ RunTime:0.005001s ]
INFO: [ app_end ] --START--
INFO: Run Behavior\ShowPageTraceBehavior [ RunTime:0.003000s ]
INFO: [ app_end ] --END-- [ RunTime:0.005000s ]

[ 2015-04-10T16:02:10+08:00 ] 127.0.0.1 /Home/Order/checkout.html
INFO: [ app_init ] --START--
INFO: Run Behavior\BuildLiteBehavior [ RunTime:0.001000s ]
INFO: [ app_init ] --END-- [ RunTime:0.005000s ]
INFO: [ app_begin ] --START--
INFO: Run Behavior\ReadHtmlCacheBehavior [ RunTime:0.004000s ]
INFO: [ app_begin ] --END-- [ RunTime:0.009001s ]
INFO: [ view_parse ] --START--
INFO: [ template_filter ] --START--
INFO: Run Behavior\ContentReplaceBehavior [ RunTime:0.002000s ]
INFO: [ template_filter ] --END-- [ RunTime:0.005000s ]
NOTIC: [8] Undefined variable: nav D:\website\jusou_shop\Application\Runtime\Cache\Home\6330a85ac6bcaa8c805c2b5f3ce0f8c4.php 第 75 行.
NOTIC: [8] Undefined variable: nav D:\website\jusou_shop\Application\Runtime\Cache\Home\6330a85ac6bcaa8c805c2b5f3ce0f8c4.php 第 96 行.
INFO: Run Behavior\ParseTemplateBehavior [ RunTime:0.186010s ]
INFO: [ view_parse ] --END-- [ RunTime:0.188010s ]
INFO: [ view_filter ] --START--
INFO: Run Behavior\WriteHtmlCacheBehavior [ RunTime:0.001000s ]
INFO: [ view_filter ] --END-- [ RunTime:0.003000s ]
INFO: [ app_end ] --START--
INFO: Run Behavior\ShowPageTraceBehavior [ RunTime:0.002000s ]
INFO: [ app_end ] --END-- [ RunTime:0.005000s ]

[ 2015-04-10T16:24:00+08:00 ] 127.0.0.1 /Home/Order/checkout.html
INFO: [ app_init ] --START--
INFO: Run Behavior\BuildLiteBehavior [ RunTime:0.001000s ]
INFO: [ app_init ] --END-- [ RunTime:0.007000s ]
INFO: [ app_begin ] --START--
INFO: Run Behavior\ReadHtmlCacheBehavior [ RunTime:0.002000s ]
INFO: [ app_begin ] --END-- [ RunTime:0.005000s ]
INFO: [ view_parse ] --START--
INFO: [ template_filter ] --START--
INFO: Run Behavior\ContentReplaceBehavior [ RunTime:0.008000s ]
INFO: [ template_filter ] --END-- [ RunTime:0.010000s ]
NOTIC: [8] Undefined variable: nav D:\website\jusou_shop\Application\Runtime\Cache\Home\6330a85ac6bcaa8c805c2b5f3ce0f8c4.php 第 75 行.
NOTIC: [8] Undefined variable: nav D:\website\jusou_shop\Application\Runtime\Cache\Home\6330a85ac6bcaa8c805c2b5f3ce0f8c4.php 第 96 行.
NOTIC: [8] Undefined variable: goods D:\website\jusou_shop\Application\Runtime\Cache\Home\6330a85ac6bcaa8c805c2b5f3ce0f8c4.php 第 234 行.
INFO: Run Behavior\ParseTemplateBehavior [ RunTime:0.232014s ]
INFO: [ view_parse ] --END-- [ RunTime:0.234014s ]
INFO: [ view_filter ] --START--
INFO: Run Behavior\WriteHtmlCacheBehavior [ RunTime:0.001000s ]
INFO: [ view_filter ] --END-- [ RunTime:0.004000s ]
INFO: [ app_end ] --START--
INFO: Run Behavior\ShowPageTraceBehavior [ RunTime:0.003000s ]
INFO: [ app_end ] --END-- [ RunTime:0.005000s ]

[ 2015-04-10T16:26:57+08:00 ] 127.0.0.1 /Home/Order/checkout.html
INFO: [ app_init ] --START--
INFO: Run Behavior\BuildLiteBehavior [ RunTime:0.000000s ]
INFO: [ app_init ] --END-- [ RunTime:0.003000s ]
INFO: [ app_begin ] --START--
INFO: Run Behavior\ReadHtmlCacheBehavior [ RunTime:0.004000s ]
INFO: [ app_begin ] --END-- [ RunTime:0.006001s ]
INFO: [ view_parse ] --START--
INFO: [ template_filter ] --START--
INFO: Run Behavior\ContentReplaceBehavior [ RunTime:0.002000s ]
INFO: [ template_filter ] --END-- [ RunTime:0.004000s ]
NOTIC: [8] Undefined variable: nav D:\website\jusou_shop\Application\Runtime\Cache\Home\6330a85ac6bcaa8c805c2b5f3ce0f8c4.php 第 75 行.
NOTIC: [8] Undefined variable: nav D:\website\jusou_shop\Application\Runtime\Cache\Home\6330a85ac6bcaa8c805c2b5f3ce0f8c4.php 第 96 行.
NOTIC: [8] Undefined variable: goods D:\website\jusou_shop\Application\Runtime\Cache\Home\6330a85ac6bcaa8c805c2b5f3ce0f8c4.php 第 211 行.
INFO: Run Behavior\ParseTemplateBehavior [ RunTime:0.183010s ]
INFO: [ view_parse ] --END-- [ RunTime:0.187011s ]
INFO: [ view_filter ] --START--
INFO: Run Behavior\WriteHtmlCacheBehavior [ RunTime:0.004000s ]
INFO: [ view_filter ] --END-- [ RunTime:0.006000s ]
INFO: [ app_end ] --START--
INFO: Run Behavior\ShowPageTraceBehavior [ RunTime:0.003001s ]
INFO: [ app_end ] --END-- [ RunTime:0.005001s ]

[ 2015-04-10T16:28:47+08:00 ] 127.0.0.1 /Home/Order/checkout.html
INFO: [ app_init ] --START--
INFO: Run Behavior\BuildLiteBehavior [ RunTime:0.001000s ]
INFO: [ app_init ] --END-- [ RunTime:0.003000s ]
INFO: [ app_begin ] --START--
INFO: Run Behavior\ReadHtmlCacheBehavior [ RunTime:0.003000s ]
INFO: [ app_begin ] --END-- [ RunTime:0.006000s ]
INFO: [ view_parse ] --START--
INFO: [ template_filter ] --START--
INFO: Run Behavior\ContentReplaceBehavior [ RunTime:0.001000s ]
INFO: [ template_filter ] --END-- [ RunTime:0.004000s ]
NOTIC: [8] Undefined variable: nav D:\website\jusou_shop\Application\Runtime\Cache\Home\6330a85ac6bcaa8c805c2b5f3ce0f8c4.php 第 75 行.
NOTIC: [8] Undefined variable: nav D:\website\jusou_shop\Application\Runtime\Cache\Home\6330a85ac6bcaa8c805c2b5f3ce0f8c4.php 第 96 行.
NOTIC: [8] Undefined variable: goods D:\website\jusou_shop\Application\Runtime\Cache\Home\6330a85ac6bcaa8c805c2b5f3ce0f8c4.php 第 204 行.
NOTIC: [8] Undefined variable: goods D:\website\jusou_shop\Application\Runtime\Cache\Home\6330a85ac6bcaa8c805c2b5f3ce0f8c4.php 第 205 行.
INFO: Run Behavior\ParseTemplateBehavior [ RunTime:0.185011s ]
INFO: [ view_parse ] --END-- [ RunTime:0.187011s ]
INFO: [ view_filter ] --START--
INFO: Run Behavior\WriteHtmlCacheBehavior [ RunTime:0.002000s ]
INFO: [ view_filter ] --END-- [ RunTime:0.006000s ]
INFO: [ app_end ] --START--
INFO: Run Behavior\ShowPageTraceBehavior [ RunTime:0.002001s ]
INFO: [ app_end ] --END-- [ RunTime:0.004001s ]

