[ 2015-04-21T09:21:16+08:00 ] 127.0.0.1 /
INFO: [ app_init ] --START--
INFO: Run Behavior\BuildLiteBehavior [ RunTime:0.000000s ]
INFO: [ app_init ] --END-- [ RunTime:0.003000s ]
NOTIC: [8] Use of undefined constant __APP__ - assumed '__APP__' D:\website\jusou_shop\ThinkPHP\Common\functions.php 第 934 行.
NOTIC: [8] Use of undefined constant __APP__ - assumed '__APP__' D:\website\jusou_shop\ThinkPHP\Common\functions.php 第 934 行.
INFO: [ app_begin ] --START--
INFO: Run Behavior\ReadHtmlCacheBehavior [ RunTime:0.002000s ]
INFO: [ app_begin ] --END-- [ RunTime:0.004001s ]
SQL: SHOW COLUMNS FROM `js_store_config` [ RunTime:0.032002s ]
SQL: SELECT * FROM `js_store_config` WHERE `store_id` = '1'  [ RunTime:0.001000s ]
SQL: SHOW COLUMNS FROM `js_nav` [ RunTime:0.028002s ]
SQL: SELECT * FROM `js_nav` WHERE `store_id` = '1' AND `parent_id` = 0  [ RunTime:0.001000s ]
SQL: SELECT * FROM `js_nav` WHERE `store_id` = '1' AND `parent_id` = 2  [ RunTime:0.001000s ]
SQL: SELECT * FROM `js_nav` WHERE `store_id` = '1' AND `parent_id` = 3  [ RunTime:0.001000s ]
SQL: SELECT * FROM `js_nav` WHERE `store_id` = '1' AND `parent_id` = 6  [ RunTime:0.001000s ]
SQL: SELECT * FROM `js_nav` WHERE `store_id` = '1' AND `parent_id` = 10  [ RunTime:0.001000s ]
SQL: SELECT * FROM `js_nav` WHERE `store_id` = '1' AND `parent_id` = 4  [ RunTime:0.001000s ]
SQL: SELECT * FROM `js_nav` WHERE `store_id` = '1' AND `parent_id` = 5  [ RunTime:0.002000s ]
SQL: SELECT * FROM `js_nav` WHERE `store_id` = '1' AND `parent_id` = 7  [ RunTime:0.001000s ]
SQL: SELECT * FROM `js_nav` WHERE `store_id` = '1' AND `parent_id` = 8  [ RunTime:0.001000s ]
SQL: SELECT * FROM `js_nav` WHERE `store_id` = '1' AND `parent_id` = 9  [ RunTime:0.001000s ]
SQL: SELECT * FROM `js_nav` WHERE `store_id` = '1' AND `parent_id` = 11  [ RunTime:0.001000s ]
SQL: SELECT * FROM `js_nav` WHERE `store_id` = '1' AND `parent_id` = 14  [ RunTime:0.002000s ]
SQL: SELECT * FROM `js_nav` WHERE `store_id` = '1' AND `parent_id` = 18  [ RunTime:0.001000s ]
SQL: SELECT * FROM `js_store_config` WHERE `store_id` = '1'  [ RunTime:0.001000s ]
SQL: SELECT * FROM `js_nav` WHERE `store_id` = '1' AND `parent_id` = 0  [ RunTime:0.000000s ]
SQL: SELECT * FROM `js_nav` WHERE `store_id` = '1' AND `parent_id` = 2  [ RunTime:0.001000s ]
SQL: SELECT * FROM `js_nav` WHERE `store_id` = '1' AND `parent_id` = 3  [ RunTime:0.001000s ]
SQL: SELECT * FROM `js_nav` WHERE `store_id` = '1' AND `parent_id` = 6  [ RunTime:0.001000s ]
SQL: SELECT * FROM `js_nav` WHERE `store_id` = '1' AND `parent_id` = 10  [ RunTime:0.001000s ]
SQL: SELECT * FROM `js_nav` WHERE `store_id` = '1' AND `parent_id` = 4  [ RunTime:0.001000s ]
SQL: SELECT * FROM `js_nav` WHERE `store_id` = '1' AND `parent_id` = 5  [ RunTime:0.001000s ]
SQL: SELECT * FROM `js_nav` WHERE `store_id` = '1' AND `parent_id` = 7  [ RunTime:0.001000s ]
SQL: SELECT * FROM `js_nav` WHERE `store_id` = '1' AND `parent_id` = 8  [ RunTime:0.001000s ]
SQL: SELECT * FROM `js_nav` WHERE `store_id` = '1' AND `parent_id` = 9  [ RunTime:0.001000s ]
SQL: SELECT * FROM `js_nav` WHERE `store_id` = '1' AND `parent_id` = 11  [ RunTime:0.001000s ]
SQL: SELECT * FROM `js_nav` WHERE `store_id` = '1' AND `parent_id` = 14  [ RunTime:0.001000s ]
SQL: SELECT * FROM `js_nav` WHERE `store_id` = '1' AND `parent_id` = 18  [ RunTime:0.002000s ]
SQL: SHOW COLUMNS FROM `js_brand` [ RunTime:0.007001s ]
SQL: SELECT `brand_id` FROM `js_brand` WHERE `store_id` = 1  [ RunTime:0.000000s ]
SQL: SELECT * FROM `js_brand` WHERE `brand_id` IN ('13','14','15','12')  [ RunTime:0.001000s ]
SQL: SELECT * FROM `js_store_config` WHERE `store_id` = '1'  [ RunTime:0.001000s ]
SQL: SELECT * FROM `js_nav` WHERE `store_id` = '1' AND `parent_id` = 0  [ RunTime:0.001000s ]
SQL: SELECT * FROM `js_nav` WHERE `store_id` = '1' AND `parent_id` = 2  [ RunTime:0.001000s ]
SQL: SELECT * FROM `js_nav` WHERE `store_id` = '1' AND `parent_id` = 3  [ RunTime:0.013001s ]
SQL: SELECT * FROM `js_nav` WHERE `store_id` = '1' AND `parent_id` = 6  [ RunTime:0.001000s ]
SQL: SELECT * FROM `js_nav` WHERE `store_id` = '1' AND `parent_id` = 10  [ RunTime:0.001000s ]
SQL: SELECT * FROM `js_nav` WHERE `store_id` = '1' AND `parent_id` = 4  [ RunTime:0.001000s ]
SQL: SELECT * FROM `js_nav` WHERE `store_id` = '1' AND `parent_id` = 5  [ RunTime:0.002000s ]
SQL: SELECT * FROM `js_nav` WHERE `store_id` = '1' AND `parent_id` = 7  [ RunTime:0.001000s ]
SQL: SELECT * FROM `js_nav` WHERE `store_id` = '1' AND `parent_id` = 8  [ RunTime:0.001000s ]
SQL: SELECT * FROM `js_nav` WHERE `store_id` = '1' AND `parent_id` = 9  [ RunTime:0.001000s ]
SQL: SELECT * FROM `js_nav` WHERE `store_id` = '1' AND `parent_id` = 11  [ RunTime:0.002000s ]
SQL: SELECT * FROM `js_nav` WHERE `store_id` = '1' AND `parent_id` = 14  [ RunTime:0.001000s ]
SQL: SELECT * FROM `js_nav` WHERE `store_id` = '1' AND `parent_id` = 18  [ RunTime:0.001000s ]
SQL: SHOW COLUMNS FROM `js_goods` [ RunTime:0.038002s ]
SQL: SHOW COLUMNS FROM `js_category` [ RunTime:0.004000s ]
SQL: SELECT * FROM `js_goods` WHERE `store_id` = 1 AND `is_delete` = 0  [ RunTime:0.002000s ]
NOTIC: [2] Missing argument 1 for Home\Model\CategoryModel::getCatNameById(), called in D:\website\jusou_shop\Application\Home\Controller\GoodsController.class.php on line 21 and defined D:\website\jusou_shop\Application\Home\Model\CategoryModel.class.php 第 18 行.
NOTIC: [8] Undefined variable: id D:\website\jusou_shop\Application\Home\Model\CategoryModel.class.php 第 19 行.
SQL: SELECT `cat_name` FROM `js_category` WHERE `cat_id` = null AND `store_id` = 1  [ RunTime:0.001000s ]
SQL: SELECT `market_price`,`shop_price`,`promote_price`,`is_promote` FROM `js_goods` WHERE `goods_id` = 1  [ RunTime:0.001000s ]
NOTIC: [2] Missing argument 1 for Home\Model\CategoryModel::getCatNameById(), called in D:\website\jusou_shop\Application\Home\Controller\GoodsController.class.php on line 21 and defined D:\website\jusou_shop\Application\Home\Model\CategoryModel.class.php 第 18 行.
NOTIC: [8] Undefined variable: id D:\website\jusou_shop\Application\Home\Model\CategoryModel.class.php 第 19 行.
SQL: SELECT `cat_name` FROM `js_category` WHERE `cat_id` = null AND `store_id` = 1  [ RunTime:0.001000s ]
SQL: SELECT `market_price`,`shop_price`,`promote_price`,`is_promote` FROM `js_goods` WHERE `goods_id` = 4  [ RunTime:0.001000s ]
NOTIC: [2] Missing argument 1 for Home\Model\CategoryModel::getCatNameById(), called in D:\website\jusou_shop\Application\Home\Controller\GoodsController.class.php on line 21 and defined D:\website\jusou_shop\Application\Home\Model\CategoryModel.class.php 第 18 行.
NOTIC: [8] Undefined variable: id D:\website\jusou_shop\Application\Home\Model\CategoryModel.class.php 第 19 行.
SQL: SELECT `cat_name` FROM `js_category` WHERE `cat_id` = null AND `store_id` = 1  [ RunTime:0.001000s ]
SQL: SELECT `market_price`,`shop_price`,`promote_price`,`is_promote` FROM `js_goods` WHERE `goods_id` = 3  [ RunTime:0.001000s ]
NOTIC: [2] Missing argument 1 for Home\Model\CategoryModel::getCatNameById(), called in D:\website\jusou_shop\Application\Home\Controller\GoodsController.class.php on line 21 and defined D:\website\jusou_shop\Application\Home\Model\CategoryModel.class.php 第 18 行.
NOTIC: [8] Undefined variable: id D:\website\jusou_shop\Application\Home\Model\CategoryModel.class.php 第 19 行.
SQL: SELECT `cat_name` FROM `js_category` WHERE `cat_id` = null AND `store_id` = 1  [ RunTime:0.002000s ]
SQL: SELECT `market_price`,`shop_price`,`promote_price`,`is_promote` FROM `js_goods` WHERE `goods_id` = 5  [ RunTime:0.001000s ]
NOTIC: [2] Missing argument 1 for Home\Model\CategoryModel::getCatNameById(), called in D:\website\jusou_shop\Application\Home\Controller\GoodsController.class.php on line 21 and defined D:\website\jusou_shop\Application\Home\Model\CategoryModel.class.php 第 18 行.
NOTIC: [8] Undefined variable: id D:\website\jusou_shop\Application\Home\Model\CategoryModel.class.php 第 19 行.
SQL: SELECT `cat_name` FROM `js_category` WHERE `cat_id` = null AND `store_id` = 1  [ RunTime:0.001000s ]
SQL: SELECT `market_price`,`shop_price`,`promote_price`,`is_promote` FROM `js_goods` WHERE `goods_id` = 6  [ RunTime:0.001000s ]
NOTIC: [2] Missing argument 1 for Home\Model\CategoryModel::getCatNameById(), called in D:\website\jusou_shop\Application\Home\Controller\GoodsController.class.php on line 21 and defined D:\website\jusou_shop\Application\Home\Model\CategoryModel.class.php 第 18 行.
NOTIC: [8] Undefined variable: id D:\website\jusou_shop\Application\Home\Model\CategoryModel.class.php 第 19 行.
SQL: SELECT `cat_name` FROM `js_category` WHERE `cat_id` = null AND `store_id` = 1  [ RunTime:0.001000s ]
SQL: SELECT `market_price`,`shop_price`,`promote_price`,`is_promote` FROM `js_goods` WHERE `goods_id` = 33  [ RunTime:0.001000s ]
NOTIC: [2] Missing argument 1 for Home\Model\CategoryModel::getCatNameById(), called in D:\website\jusou_shop\Application\Home\Controller\GoodsController.class.php on line 21 and defined D:\website\jusou_shop\Application\Home\Model\CategoryModel.class.php 第 18 行.
NOTIC: [8] Undefined variable: id D:\website\jusou_shop\Application\Home\Model\CategoryModel.class.php 第 19 行.
SQL: SELECT `cat_name` FROM `js_category` WHERE `cat_id` = null AND `store_id` = 1  [ RunTime:0.001000s ]
SQL: SELECT `market_price`,`shop_price`,`promote_price`,`is_promote` FROM `js_goods` WHERE `goods_id` = 34  [ RunTime:0.001000s ]
NOTIC: [2] Missing argument 1 for Home\Model\CategoryModel::getCatNameById(), called in D:\website\jusou_shop\Application\Home\Controller\GoodsController.class.php on line 21 and defined D:\website\jusou_shop\Application\Home\Model\CategoryModel.class.php 第 18 行.
NOTIC: [8] Undefined variable: id D:\website\jusou_shop\Application\Home\Model\CategoryModel.class.php 第 19 行.
SQL: SELECT `cat_name` FROM `js_category` WHERE `cat_id` = null AND `store_id` = 1  [ RunTime:0.001000s ]
SQL: SELECT `market_price`,`shop_price`,`promote_price`,`is_promote` FROM `js_goods` WHERE `goods_id` = 35  [ RunTime:0.001000s ]
NOTIC: [2] Missing argument 1 for Home\Model\CategoryModel::getCatNameById(), called in D:\website\jusou_shop\Application\Home\Controller\GoodsController.class.php on line 21 and defined D:\website\jusou_shop\Application\Home\Model\CategoryModel.class.php 第 18 行.
NOTIC: [8] Undefined variable: id D:\website\jusou_shop\Application\Home\Model\CategoryModel.class.php 第 19 行.
SQL: SELECT `cat_name` FROM `js_category` WHERE `cat_id` = null AND `store_id` = 1  [ RunTime:0.001000s ]
SQL: SELECT `market_price`,`shop_price`,`promote_price`,`is_promote` FROM `js_goods` WHERE `goods_id` = 36  [ RunTime:0.001000s ]
NOTIC: [2] Missing argument 1 for Home\Model\CategoryModel::getCatNameById(), called in D:\website\jusou_shop\Application\Home\Controller\GoodsController.class.php on line 21 and defined D:\website\jusou_shop\Application\Home\Model\CategoryModel.class.php 第 18 行.
NOTIC: [8] Undefined variable: id D:\website\jusou_shop\Application\Home\Model\CategoryModel.class.php 第 19 行.
SQL: SELECT `cat_name` FROM `js_category` WHERE `cat_id` = null AND `store_id` = 1  [ RunTime:0.001000s ]
SQL: SELECT `market_price`,`shop_price`,`promote_price`,`is_promote` FROM `js_goods` WHERE `goods_id` = 11  [ RunTime:0.001000s ]
NOTIC: [2] Missing argument 1 for Home\Model\CategoryModel::getCatNameById(), called in D:\website\jusou_shop\Application\Home\Controller\GoodsController.class.php on line 21 and defined D:\website\jusou_shop\Application\Home\Model\CategoryModel.class.php 第 18 行.
NOTIC: [8] Undefined variable: id D:\website\jusou_shop\Application\Home\Model\CategoryModel.class.php 第 19 行.
SQL: SELECT `cat_name` FROM `js_category` WHERE `cat_id` = null AND `store_id` = 1  [ RunTime:0.001000s ]
SQL: SELECT `market_price`,`shop_price`,`promote_price`,`is_promote` FROM `js_goods` WHERE `goods_id` = 23  [ RunTime:0.001000s ]
NOTIC: [2] Missing argument 1 for Home\Model\CategoryModel::getCatNameById(), called in D:\website\jusou_shop\Application\Home\Controller\GoodsController.class.php on line 21 and defined D:\website\jusou_shop\Application\Home\Model\CategoryModel.class.php 第 18 行.
NOTIC: [8] Undefined variable: id D:\website\jusou_shop\Application\Home\Model\CategoryModel.class.php 第 19 行.
SQL: SELECT `cat_name` FROM `js_category` WHERE `cat_id` = null AND `store_id` = 1  [ RunTime:0.001000s ]
SQL: SELECT `market_price`,`shop_price`,`promote_price`,`is_promote` FROM `js_goods` WHERE `goods_id` = 24  [ RunTime:0.001000s ]
NOTIC: [2] Missing argument 1 for Home\Model\CategoryModel::getCatNameById(), called in D:\website\jusou_shop\Application\Home\Controller\GoodsController.class.php on line 21 and defined D:\website\jusou_shop\Application\Home\Model\CategoryModel.class.php 第 18 行.
NOTIC: [8] Undefined variable: id D:\website\jusou_shop\Application\Home\Model\CategoryModel.class.php 第 19 行.
SQL: SELECT `cat_name` FROM `js_category` WHERE `cat_id` = null AND `store_id` = 1  [ RunTime:0.001000s ]
SQL: SELECT `market_price`,`shop_price`,`promote_price`,`is_promote` FROM `js_goods` WHERE `goods_id` = 25  [ RunTime:0.001000s ]
NOTIC: [2] Missing argument 1 for Home\Model\CategoryModel::getCatNameById(), called in D:\website\jusou_shop\Application\Home\Controller\GoodsController.class.php on line 21 and defined D:\website\jusou_shop\Application\Home\Model\CategoryModel.class.php 第 18 行.
NOTIC: [8] Undefined variable: id D:\website\jusou_shop\Application\Home\Model\CategoryModel.class.php 第 19 行.
SQL: SELECT `cat_name` FROM `js_category` WHERE `cat_id` = null AND `store_id` = 1  [ RunTime:0.001000s ]
SQL: SELECT `market_price`,`shop_price`,`promote_price`,`is_promote` FROM `js_goods` WHERE `goods_id` = 26  [ RunTime:0.001000s ]
NOTIC: [2] Missing argument 1 for Home\Model\CategoryModel::getCatNameById(), called in D:\website\jusou_shop\Application\Home\Controller\GoodsController.class.php on line 21 and defined D:\website\jusou_shop\Application\Home\Model\CategoryModel.class.php 第 18 行.
NOTIC: [8] Undefined variable: id D:\website\jusou_shop\Application\Home\Model\CategoryModel.class.php 第 19 行.
SQL: SELECT `cat_name` FROM `js_category` WHERE `cat_id` = null AND `store_id` = 1  [ RunTime:0.001000s ]
SQL: SELECT `market_price`,`shop_price`,`promote_price`,`is_promote` FROM `js_goods` WHERE `goods_id` = 27  [ RunTime:0.001000s ]
NOTIC: [2] Missing argument 1 for Home\Model\CategoryModel::getCatNameById(), called in D:\website\jusou_shop\Application\Home\Controller\GoodsController.class.php on line 21 and defined D:\website\jusou_shop\Application\Home\Model\CategoryModel.class.php 第 18 行.
NOTIC: [8] Undefined variable: id D:\website\jusou_shop\Application\Home\Model\CategoryModel.class.php 第 19 行.
SQL: SELECT `cat_name` FROM `js_category` WHERE `cat_id` = null AND `store_id` = 1  [ RunTime:0.001000s ]
SQL: SELECT `market_price`,`shop_price`,`promote_price`,`is_promote` FROM `js_goods` WHERE `goods_id` = 28  [ RunTime:0.001000s ]
NOTIC: [2] Missing argument 1 for Home\Model\CategoryModel::getCatNameById(), called in D:\website\jusou_shop\Application\Home\Controller\GoodsController.class.php on line 21 and defined D:\website\jusou_shop\Application\Home\Model\CategoryModel.class.php 第 18 行.
NOTIC: [8] Undefined variable: id D:\website\jusou_shop\Application\Home\Model\CategoryModel.class.php 第 19 行.
SQL: SELECT `cat_name` FROM `js_category` WHERE `cat_id` = null AND `store_id` = 1  [ RunTime:0.001000s ]
SQL: SELECT `market_price`,`shop_price`,`promote_price`,`is_promote` FROM `js_goods` WHERE `goods_id` = 29  [ RunTime:0.000000s ]
NOTIC: [2] Missing argument 1 for Home\Model\CategoryModel::getCatNameById(), called in D:\website\jusou_shop\Application\Home\Controller\GoodsController.class.php on line 21 and defined D:\website\jusou_shop\Application\Home\Model\CategoryModel.class.php 第 18 行.
NOTIC: [8] Undefined variable: id D:\website\jusou_shop\Application\Home\Model\CategoryModel.class.php 第 19 行.
SQL: SELECT `cat_name` FROM `js_category` WHERE `cat_id` = null AND `store_id` = 1  [ RunTime:0.001000s ]
SQL: SELECT `market_price`,`shop_price`,`promote_price`,`is_promote` FROM `js_goods` WHERE `goods_id` = 30  [ RunTime:0.001000s ]
NOTIC: [2] Missing argument 1 for Home\Model\CategoryModel::getCatNameById(), called in D:\website\jusou_shop\Application\Home\Controller\GoodsController.class.php on line 21 and defined D:\website\jusou_shop\Application\Home\Model\CategoryModel.class.php 第 18 行.
NOTIC: [8] Undefined variable: id D:\website\jusou_shop\Application\Home\Model\CategoryModel.class.php 第 19 行.
SQL: SELECT `cat_name` FROM `js_category` WHERE `cat_id` = null AND `store_id` = 1  [ RunTime:0.001000s ]
SQL: SELECT `market_price`,`shop_price`,`promote_price`,`is_promote` FROM `js_goods` WHERE `goods_id` = 31  [ RunTime:0.001000s ]
NOTIC: [2] Missing argument 1 for Home\Model\CategoryModel::getCatNameById(), called in D:\website\jusou_shop\Application\Home\Controller\GoodsController.class.php on line 21 and defined D:\website\jusou_shop\Application\Home\Model\CategoryModel.class.php 第 18 行.
NOTIC: [8] Undefined variable: id D:\website\jusou_shop\Application\Home\Model\CategoryModel.class.php 第 19 行.
SQL: SELECT `cat_name` FROM `js_category` WHERE `cat_id` = null AND `store_id` = 1  [ RunTime:0.001000s ]
SQL: SELECT `market_price`,`shop_price`,`promote_price`,`is_promote` FROM `js_goods` WHERE `goods_id` = 32  [ RunTime:0.000000s ]
INFO: [ view_parse ] --START--
INFO: [ template_filter ] --START--
INFO: Run Behavior\ContentReplaceBehavior [ RunTime:0.001000s ]
INFO: [ template_filter ] --END-- [ RunTime:0.003000s ]
INFO: Run Behavior\ParseTemplateBehavior [ RunTime:0.308017s ]
INFO: [ view_parse ] --END-- [ RunTime:0.309017s ]
INFO: [ view_filter ] --START--
INFO: Run Behavior\WriteHtmlCacheBehavior [ RunTime:0.001000s ]
INFO: [ view_filter ] --END-- [ RunTime:0.003001s ]
INFO: [ app_end ] --START--
INFO: Run Behavior\ShowPageTraceBehavior [ RunTime:0.001000s ]
INFO: [ app_end ] --END-- [ RunTime:0.003000s ]

[ 2015-04-21T09:24:37+08:00 ] 127.0.0.1 /index.php/Home/Goods/goodsDetail/goods_id/32.html
INFO: [ app_init ] --START--
INFO: Run Behavior\BuildLiteBehavior [ RunTime:0.000000s ]
INFO: [ app_init ] --END-- [ RunTime:0.003000s ]
NOTIC: [8] Use of undefined constant __APP__ - assumed '__APP__' D:\website\jusou_shop\ThinkPHP\Common\functions.php 第 934 行.
NOTIC: [8] Use of undefined constant __APP__ - assumed '__APP__' D:\website\jusou_shop\ThinkPHP\Common\functions.php 第 934 行.
INFO: [ app_begin ] --START--
INFO: Run Behavior\ReadHtmlCacheBehavior [ RunTime:0.002001s ]
INFO: [ app_begin ] --END-- [ RunTime:0.004001s ]
SQL: SHOW COLUMNS FROM `js_store_config` [ RunTime:0.003000s ]
SQL: SELECT * FROM `js_store_config` WHERE `store_id` = '1'  [ RunTime:0.001000s ]
SQL: SHOW COLUMNS FROM `js_nav` [ RunTime:0.004000s ]
SQL: SELECT * FROM `js_nav` WHERE `store_id` = '1' AND `parent_id` = 0  [ RunTime:0.001000s ]
SQL: SELECT * FROM `js_nav` WHERE `store_id` = '1' AND `parent_id` = 2  [ RunTime:0.001000s ]
SQL: SELECT * FROM `js_nav` WHERE `store_id` = '1' AND `parent_id` = 3  [ RunTime:0.001000s ]
SQL: SELECT * FROM `js_nav` WHERE `store_id` = '1' AND `parent_id` = 6  [ RunTime:0.002000s ]
SQL: SELECT * FROM `js_nav` WHERE `store_id` = '1' AND `parent_id` = 10  [ RunTime:0.001000s ]
SQL: SELECT * FROM `js_nav` WHERE `store_id` = '1' AND `parent_id` = 4  [ RunTime:0.001001s ]
SQL: SELECT * FROM `js_nav` WHERE `store_id` = '1' AND `parent_id` = 5  [ RunTime:0.001000s ]
SQL: SELECT * FROM `js_nav` WHERE `store_id` = '1' AND `parent_id` = 7  [ RunTime:0.001000s ]
SQL: SELECT * FROM `js_nav` WHERE `store_id` = '1' AND `parent_id` = 8  [ RunTime:0.001000s ]
SQL: SELECT * FROM `js_nav` WHERE `store_id` = '1' AND `parent_id` = 9  [ RunTime:0.001000s ]
SQL: SELECT * FROM `js_nav` WHERE `store_id` = '1' AND `parent_id` = 11  [ RunTime:0.001000s ]
SQL: SELECT * FROM `js_nav` WHERE `store_id` = '1' AND `parent_id` = 14  [ RunTime:0.001000s ]
SQL: SELECT * FROM `js_nav` WHERE `store_id` = '1' AND `parent_id` = 18  [ RunTime:0.001000s ]
SQL: SHOW COLUMNS FROM `js_goods` [ RunTime:0.006000s ]
SQL: SHOW COLUMNS FROM `js_category` [ RunTime:0.004000s ]
SQL: SHOW COLUMNS FROM `js_goods_gallery` [ RunTime:0.016001s ]
SQL: SELECT `store_id` FROM `js_goods` WHERE `goods_id` = 32 LIMIT 1   [ RunTime:0.001000s ]
SQL: SELECT * FROM `js_goods` WHERE `goods_id` = 32 LIMIT 1   [ RunTime:0.002000s ]
SQL: SELECT * FROM `js_goods_gallery` WHERE `goods_id` = 32  [ RunTime:0.001000s ]
SQL: SELECT `cat_name` FROM `js_category` WHERE `cat_id` = 3 AND `store_id` = 1  [ RunTime:0.001000s ]
SQL: SELECT `market_price`,`shop_price`,`promote_price`,`is_promote` FROM `js_goods` WHERE `goods_id` = 32  [ RunTime:0.001000s ]
SQL: SELECT * FROM `js_store_config` WHERE `store_id` = '1'  [ RunTime:0.002000s ]
SQL: SELECT * FROM `js_nav` WHERE `store_id` = '1' AND `parent_id` = 0  [ RunTime:0.001000s ]
SQL: SELECT * FROM `js_nav` WHERE `store_id` = '1' AND `parent_id` = 2  [ RunTime:0.001001s ]
SQL: SELECT * FROM `js_nav` WHERE `store_id` = '1' AND `parent_id` = 3  [ RunTime:0.001000s ]
SQL: SELECT * FROM `js_nav` WHERE `store_id` = '1' AND `parent_id` = 6  [ RunTime:0.001000s ]
SQL: SELECT * FROM `js_nav` WHERE `store_id` = '1' AND `parent_id` = 10  [ RunTime:0.001000s ]
SQL: SELECT * FROM `js_nav` WHERE `store_id` = '1' AND `parent_id` = 4  [ RunTime:0.001000s ]
SQL: SELECT * FROM `js_nav` WHERE `store_id` = '1' AND `parent_id` = 5  [ RunTime:0.001000s ]
SQL: SELECT * FROM `js_nav` WHERE `store_id` = '1' AND `parent_id` = 7  [ RunTime:0.001000s ]
SQL: SELECT * FROM `js_nav` WHERE `store_id` = '1' AND `parent_id` = 8  [ RunTime:0.002000s ]
SQL: SELECT * FROM `js_nav` WHERE `store_id` = '1' AND `parent_id` = 9  [ RunTime:0.001000s ]
SQL: SELECT * FROM `js_nav` WHERE `store_id` = '1' AND `parent_id` = 11  [ RunTime:0.000000s ]
SQL: SELECT * FROM `js_nav` WHERE `store_id` = '1' AND `parent_id` = 14  [ RunTime:0.001000s ]
SQL: SELECT * FROM `js_nav` WHERE `store_id` = '1' AND `parent_id` = 18  [ RunTime:0.001000s ]
SQL: SHOW COLUMNS FROM `js_brand` [ RunTime:0.004000s ]
SQL: SELECT `brand_id` FROM `js_brand` WHERE `store_id` = 1  [ RunTime:0.001000s ]
SQL: SELECT * FROM `js_brand` WHERE `brand_id` IN ('13','14','15','12')  [ RunTime:0.001000s ]
INFO: [ view_parse ] --START--
INFO: [ template_filter ] --START--
INFO: Run Behavior\ContentReplaceBehavior [ RunTime:0.001000s ]
INFO: [ template_filter ] --END-- [ RunTime:0.003000s ]
NOTIC: [8] Use of undefined constant store_id - assumed 'store_id' D:\website\jusou_shop\Application\Runtime\Cache\Home\d24b9c92f9d923a06ae113dfcdf269a0.php 第 90 行.
NOTIC: [8] Undefined index: goods_cat D:\website\jusou_shop\Application\Runtime\Cache\Home\d24b9c92f9d923a06ae113dfcdf269a0.php 第 91 行.
NOTIC: [8] Undefined index: desc D:\website\jusou_shop\Application\Runtime\Cache\Home\d24b9c92f9d923a06ae113dfcdf269a0.php 第 164 行.
NOTIC: [8] Undefined variable: comments D:\website\jusou_shop\Application\Runtime\Cache\Home\d24b9c92f9d923a06ae113dfcdf269a0.php 第 171 行.
NOTIC: [8] Undefined variable: related_goods_list D:\website\jusou_shop\Application\Runtime\Cache\Home\d24b9c92f9d923a06ae113dfcdf269a0.php 第 201 行.
INFO: Run Behavior\ParseTemplateBehavior [ RunTime:0.296017s ]
INFO: [ view_parse ] --END-- [ RunTime:0.298017s ]
INFO: [ view_filter ] --START--
INFO: Run Behavior\WriteHtmlCacheBehavior [ RunTime:0.001000s ]
INFO: [ view_filter ] --END-- [ RunTime:0.004000s ]
INFO: [ app_end ] --START--
INFO: Run Behavior\ShowPageTraceBehavior [ RunTime:0.003000s ]
INFO: [ app_end ] --END-- [ RunTime:0.005001s ]

[ 2015-04-21T10:15:09+08:00 ] 127.0.0.1 /Home/Goods/goodsDetail/goods_id/12.html
INFO: [ app_init ] --START--
INFO: Run Behavior\BuildLiteBehavior [ RunTime:0.000000s ]
INFO: [ app_init ] --END-- [ RunTime:0.004000s ]
NOTIC: [8] Use of undefined constant __APP__ - assumed '__APP__' D:\website\jusou_shop\ThinkPHP\Common\functions.php 第 934 行.
NOTIC: [8] Use of undefined constant __APP__ - assumed '__APP__' D:\website\jusou_shop\ThinkPHP\Common\functions.php 第 934 行.
INFO: [ app_begin ] --START--
INFO: Run Behavior\ReadHtmlCacheBehavior [ RunTime:0.002000s ]
INFO: [ app_begin ] --END-- [ RunTime:0.004000s ]
SQL: SHOW COLUMNS FROM `js_store_config` [ RunTime:0.003000s ]
SQL: SELECT * FROM `js_store_config` WHERE `store_id` = '1'  [ RunTime:0.000000s ]
SQL: SHOW COLUMNS FROM `js_nav` [ RunTime:0.004000s ]
SQL: SELECT * FROM `js_nav` WHERE `store_id` = '1' AND `parent_id` = 0  [ RunTime:0.001000s ]
SQL: SELECT * FROM `js_nav` WHERE `store_id` = '1' AND `parent_id` = 2  [ RunTime:0.001000s ]
SQL: SELECT * FROM `js_nav` WHERE `store_id` = '1' AND `parent_id` = 3  [ RunTime:0.001000s ]
SQL: SELECT * FROM `js_nav` WHERE `store_id` = '1' AND `parent_id` = 6  [ RunTime:0.002001s ]
SQL: SELECT * FROM `js_nav` WHERE `store_id` = '1' AND `parent_id` = 10  [ RunTime:0.006000s ]
SQL: SELECT * FROM `js_nav` WHERE `store_id` = '1' AND `parent_id` = 4  [ RunTime:0.000000s ]
SQL: SELECT * FROM `js_nav` WHERE `store_id` = '1' AND `parent_id` = 5  [ RunTime:0.001000s ]
SQL: SELECT * FROM `js_nav` WHERE `store_id` = '1' AND `parent_id` = 7  [ RunTime:0.001000s ]
SQL: SELECT * FROM `js_nav` WHERE `store_id` = '1' AND `parent_id` = 8  [ RunTime:0.001000s ]
SQL: SELECT * FROM `js_nav` WHERE `store_id` = '1' AND `parent_id` = 9  [ RunTime:0.001000s ]
SQL: SELECT * FROM `js_nav` WHERE `store_id` = '1' AND `parent_id` = 11  [ RunTime:0.001000s ]
SQL: SELECT * FROM `js_nav` WHERE `store_id` = '1' AND `parent_id` = 14  [ RunTime:0.001000s ]
SQL: SELECT * FROM `js_nav` WHERE `store_id` = '1' AND `parent_id` = 18  [ RunTime:0.001000s ]
SQL: SHOW COLUMNS FROM `js_goods` [ RunTime:0.005000s ]
SQL: SHOW COLUMNS FROM `js_category` [ RunTime:0.003000s ]
SQL: SHOW COLUMNS FROM `js_goods_gallery` [ RunTime:0.003000s ]
SQL: SELECT `store_id` FROM `js_goods` WHERE `goods_id` = 12 LIMIT 1   [ RunTime:0.001000s ]
SQL: SELECT * FROM `js_goods` WHERE `goods_id` = 12 LIMIT 1   [ RunTime:0.001000s ]
SQL: SELECT * FROM `js_goods_gallery` WHERE `goods_id` = 12  [ RunTime:0.002000s ]
SQL: SELECT `cat_name` FROM `js_category` WHERE `cat_id` = 3 AND `store_id` = 1  [ RunTime:0.001000s ]
SQL: SELECT `market_price`,`shop_price`,`promote_price`,`is_promote` FROM `js_goods` WHERE `goods_id` = 12  [ RunTime:0.001000s ]
SQL: SELECT * FROM `js_store_config` WHERE `store_id` = '1'  [ RunTime:0.001000s ]
SQL: SELECT * FROM `js_nav` WHERE `store_id` = '1' AND `parent_id` = 0  [ RunTime:0.001000s ]
SQL: SELECT * FROM `js_nav` WHERE `store_id` = '1' AND `parent_id` = 2  [ RunTime:0.001000s ]
SQL: SELECT * FROM `js_nav` WHERE `store_id` = '1' AND `parent_id` = 3  [ RunTime:0.001000s ]
SQL: SELECT * FROM `js_nav` WHERE `store_id` = '1' AND `parent_id` = 6  [ RunTime:0.001000s ]
SQL: SELECT * FROM `js_nav` WHERE `store_id` = '1' AND `parent_id` = 10  [ RunTime:0.001000s ]
SQL: SELECT * FROM `js_nav` WHERE `store_id` = '1' AND `parent_id` = 4  [ RunTime:0.002000s ]
SQL: SELECT * FROM `js_nav` WHERE `store_id` = '1' AND `parent_id` = 5  [ RunTime:0.001000s ]
SQL: SELECT * FROM `js_nav` WHERE `store_id` = '1' AND `parent_id` = 7  [ RunTime:0.001000s ]
SQL: SELECT * FROM `js_nav` WHERE `store_id` = '1' AND `parent_id` = 8  [ RunTime:0.001000s ]
SQL: SELECT * FROM `js_nav` WHERE `store_id` = '1' AND `parent_id` = 9  [ RunTime:0.001000s ]
SQL: SELECT * FROM `js_nav` WHERE `store_id` = '1' AND `parent_id` = 11  [ RunTime:0.001000s ]
SQL: SELECT * FROM `js_nav` WHERE `store_id` = '1' AND `parent_id` = 14  [ RunTime:0.001000s ]
SQL: SELECT * FROM `js_nav` WHERE `store_id` = '1' AND `parent_id` = 18  [ RunTime:0.001000s ]
SQL: SHOW COLUMNS FROM `js_brand` [ RunTime:0.004001s ]
SQL: SELECT `brand_id` FROM `js_brand` WHERE `store_id` = 1  [ RunTime:0.001000s ]
SQL: SELECT * FROM `js_brand` WHERE `brand_id` IN ('13','14','15','12')  [ RunTime:0.001000s ]
INFO: [ view_parse ] --START--
INFO: [ template_filter ] --START--
INFO: Run Behavior\ContentReplaceBehavior [ RunTime:0.004000s ]
INFO: [ template_filter ] --END-- [ RunTime:0.007000s ]
NOTIC: [8] Use of undefined constant store_id - assumed 'store_id' D:\website\jusou_shop\Application\Runtime\Cache\Home\d24b9c92f9d923a06ae113dfcdf269a0.php 第 90 行.
NOTIC: [8] Undefined index: goods_cat D:\website\jusou_shop\Application\Runtime\Cache\Home\d24b9c92f9d923a06ae113dfcdf269a0.php 第 91 行.
NOTIC: [8] Undefined index: desc D:\website\jusou_shop\Application\Runtime\Cache\Home\d24b9c92f9d923a06ae113dfcdf269a0.php 第 164 行.
NOTIC: [8] Undefined variable: comments D:\website\jusou_shop\Application\Runtime\Cache\Home\d24b9c92f9d923a06ae113dfcdf269a0.php 第 171 行.
NOTIC: [8] Undefined variable: related_goods_list D:\website\jusou_shop\Application\Runtime\Cache\Home\d24b9c92f9d923a06ae113dfcdf269a0.php 第 201 行.
INFO: Run Behavior\ParseTemplateBehavior [ RunTime:0.243014s ]
INFO: [ view_parse ] --END-- [ RunTime:0.245014s ]
INFO: [ view_filter ] --START--
INFO: Run Behavior\WriteHtmlCacheBehavior [ RunTime:0.002001s ]
INFO: [ view_filter ] --END-- [ RunTime:0.004001s ]
INFO: [ app_end ] --START--
INFO: Run Behavior\ShowPageTraceBehavior [ RunTime:0.002000s ]
INFO: [ app_end ] --END-- [ RunTime:0.004000s ]

[ 2015-04-21T16:17:49+08:00 ] 127.0.0.1 /index.php/Home/Goods/goodsDetail/goods_id/32.html
INFO: [ app_init ] --START--
INFO: Run Behavior\BuildLiteBehavior [ RunTime:0.000000s ]
INFO: [ app_init ] --END-- [ RunTime:0.000000s ]
NOTIC: [8] Use of undefined constant __APP__ - assumed '__APP__' D:\website\jusou_shop\ThinkPHP\Common\functions.php 第 934 行.
NOTIC: [8] Use of undefined constant __APP__ - assumed '__APP__' D:\website\jusou_shop\ThinkPHP\Common\functions.php 第 934 行.
INFO: [ app_begin ] --START--
INFO: Run Behavior\ReadHtmlCacheBehavior [ RunTime:0.000000s ]
INFO: [ app_begin ] --END-- [ RunTime:0.001000s ]
SQL: SHOW COLUMNS FROM `js_store_config` [ RunTime:0.098005s ]
SQL: SELECT * FROM `js_store_config` WHERE `store_id` = '1'  [ RunTime:0.001000s ]
SQL: SHOW COLUMNS FROM `js_nav` [ RunTime:0.049003s ]
SQL: SELECT * FROM `js_nav` WHERE `store_id` = '1' AND `parent_id` = 0  [ RunTime:0.001000s ]
SQL: SELECT * FROM `js_nav` WHERE `store_id` = '1' AND `parent_id` = 2  [ RunTime:0.001000s ]
SQL: SELECT * FROM `js_nav` WHERE `store_id` = '1' AND `parent_id` = 3  [ RunTime:0.003001s ]
SQL: SELECT * FROM `js_nav` WHERE `store_id` = '1' AND `parent_id` = 6  [ RunTime:0.001000s ]
SQL: SELECT * FROM `js_nav` WHERE `store_id` = '1' AND `parent_id` = 10  [ RunTime:0.000000s ]
SQL: SELECT * FROM `js_nav` WHERE `store_id` = '1' AND `parent_id` = 4  [ RunTime:0.000000s ]
SQL: SELECT * FROM `js_nav` WHERE `store_id` = '1' AND `parent_id` = 5  [ RunTime:0.001000s ]
SQL: SELECT * FROM `js_nav` WHERE `store_id` = '1' AND `parent_id` = 7  [ RunTime:0.000000s ]
SQL: SELECT * FROM `js_nav` WHERE `store_id` = '1' AND `parent_id` = 8  [ RunTime:0.001000s ]
SQL: SELECT * FROM `js_nav` WHERE `store_id` = '1' AND `parent_id` = 9  [ RunTime:0.000000s ]
SQL: SELECT * FROM `js_nav` WHERE `store_id` = '1' AND `parent_id` = 11  [ RunTime:0.000000s ]
SQL: SELECT * FROM `js_nav` WHERE `store_id` = '1' AND `parent_id` = 14  [ RunTime:0.001000s ]
SQL: SELECT * FROM `js_nav` WHERE `store_id` = '1' AND `parent_id` = 18  [ RunTime:0.000000s ]
SQL: SHOW COLUMNS FROM `js_goods` [ RunTime:0.154009s ]
SQL: SHOW COLUMNS FROM `js_category` [ RunTime:0.041002s ]
SQL: SHOW COLUMNS FROM `js_goods_gallery` [ RunTime:0.044003s ]
SQL: SELECT `store_id` FROM `js_goods` WHERE `goods_id` = 32 LIMIT 1   [ RunTime:0.011000s ]
SQL: SELECT * FROM `js_goods` WHERE `goods_id` = 32 LIMIT 1   [ RunTime:0.015001s ]
SQL: SELECT * FROM `js_goods_gallery` WHERE `goods_id` = 32  [ RunTime:0.001000s ]
SQL: SELECT `cat_name` FROM `js_category` WHERE `cat_id` = 3 AND `store_id` = 1  [ RunTime:0.014001s ]
SQL: SELECT `market_price`,`shop_price`,`promote_price`,`is_promote` FROM `js_goods` WHERE `goods_id` = 32  [ RunTime:0.000000s ]
SQL: SELECT * FROM `js_store_config` WHERE `store_id` = '1'  [ RunTime:0.000000s ]
SQL: SELECT * FROM `js_nav` WHERE `store_id` = '1' AND `parent_id` = 0  [ RunTime:0.001000s ]
SQL: SELECT * FROM `js_nav` WHERE `store_id` = '1' AND `parent_id` = 2  [ RunTime:0.000000s ]
SQL: SELECT * FROM `js_nav` WHERE `store_id` = '1' AND `parent_id` = 3  [ RunTime:0.000000s ]
SQL: SELECT * FROM `js_nav` WHERE `store_id` = '1' AND `parent_id` = 6  [ RunTime:0.000000s ]
SQL: SELECT * FROM `js_nav` WHERE `store_id` = '1' AND `parent_id` = 10  [ RunTime:0.001000s ]
SQL: SELECT * FROM `js_nav` WHERE `store_id` = '1' AND `parent_id` = 4  [ RunTime:0.001000s ]
SQL: SELECT * FROM `js_nav` WHERE `store_id` = '1' AND `parent_id` = 5  [ RunTime:0.000000s ]
SQL: SELECT * FROM `js_nav` WHERE `store_id` = '1' AND `parent_id` = 7  [ RunTime:0.001000s ]
SQL: SELECT * FROM `js_nav` WHERE `store_id` = '1' AND `parent_id` = 8  [ RunTime:0.002000s ]
SQL: SELECT * FROM `js_nav` WHERE `store_id` = '1' AND `parent_id` = 9  [ RunTime:0.001000s ]
SQL: SELECT * FROM `js_nav` WHERE `store_id` = '1' AND `parent_id` = 11  [ RunTime:0.001000s ]
SQL: SELECT * FROM `js_nav` WHERE `store_id` = '1' AND `parent_id` = 14  [ RunTime:0.000000s ]
SQL: SELECT * FROM `js_nav` WHERE `store_id` = '1' AND `parent_id` = 18  [ RunTime:0.000000s ]
SQL: SHOW COLUMNS FROM `js_brand` [ RunTime:0.015001s ]
SQL: SELECT `brand_id` FROM `js_brand` WHERE `store_id` = 1  [ RunTime:0.000000s ]
SQL: SELECT * FROM `js_brand` WHERE `brand_id` IN ('13','14','15','12')  [ RunTime:0.000000s ]
INFO: [ view_parse ] --START--
NOTIC: [8] Undefined index: item D:\website\jusou_shop\ThinkPHP\Library\Think\Template\TagLib\Cx.class.php 第 113 行.
INFO: [ template_filter ] --START--
INFO: Run Behavior\ContentReplaceBehavior [ RunTime:0.000000s ]
INFO: [ template_filter ] --END-- [ RunTime:0.000000s ]

[ 2015-04-21T16:19:34+08:00 ] 127.0.0.1 /index.php/Home/Goods/goodsDetail/goods_id/32.html
INFO: [ app_init ] --START--
INFO: Run Behavior\BuildLiteBehavior [ RunTime:0.000000s ]
INFO: [ app_init ] --END-- [ RunTime:0.001000s ]
NOTIC: [8] Use of undefined constant __APP__ - assumed '__APP__' D:\website\jusou_shop\ThinkPHP\Common\functions.php 第 934 行.
NOTIC: [8] Use of undefined constant __APP__ - assumed '__APP__' D:\website\jusou_shop\ThinkPHP\Common\functions.php 第 934 行.
INFO: [ app_begin ] --START--
INFO: Run Behavior\ReadHtmlCacheBehavior [ RunTime:0.001000s ]
INFO: [ app_begin ] --END-- [ RunTime:0.001000s ]
SQL: SHOW COLUMNS FROM `js_store_config` [ RunTime:0.003000s ]
SQL: SELECT * FROM `js_store_config` WHERE `store_id` = '1'  [ RunTime:0.001000s ]
SQL: SHOW COLUMNS FROM `js_nav` [ RunTime:0.004000s ]
SQL: SELECT * FROM `js_nav` WHERE `store_id` = '1' AND `parent_id` = 0  [ RunTime:0.001000s ]
SQL: SELECT * FROM `js_nav` WHERE `store_id` = '1' AND `parent_id` = 2  [ RunTime:0.001000s ]
SQL: SELECT * FROM `js_nav` WHERE `store_id` = '1' AND `parent_id` = 3  [ RunTime:0.001000s ]
SQL: SELECT * FROM `js_nav` WHERE `store_id` = '1' AND `parent_id` = 6  [ RunTime:0.001000s ]
SQL: SELECT * FROM `js_nav` WHERE `store_id` = '1' AND `parent_id` = 10  [ RunTime:0.001001s ]
SQL: SELECT * FROM `js_nav` WHERE `store_id` = '1' AND `parent_id` = 4  [ RunTime:0.001000s ]
SQL: SELECT * FROM `js_nav` WHERE `store_id` = '1' AND `parent_id` = 5  [ RunTime:0.001000s ]
SQL: SELECT * FROM `js_nav` WHERE `store_id` = '1' AND `parent_id` = 7  [ RunTime:0.000000s ]
SQL: SELECT * FROM `js_nav` WHERE `store_id` = '1' AND `parent_id` = 8  [ RunTime:0.000000s ]
SQL: SELECT * FROM `js_nav` WHERE `store_id` = '1' AND `parent_id` = 9  [ RunTime:0.000000s ]
SQL: SELECT * FROM `js_nav` WHERE `store_id` = '1' AND `parent_id` = 11  [ RunTime:0.001000s ]
SQL: SELECT * FROM `js_nav` WHERE `store_id` = '1' AND `parent_id` = 14  [ RunTime:0.000000s ]
SQL: SELECT * FROM `js_nav` WHERE `store_id` = '1' AND `parent_id` = 18  [ RunTime:0.001000s ]
SQL: SHOW COLUMNS FROM `js_goods` [ RunTime:0.006000s ]
SQL: SHOW COLUMNS FROM `js_category` [ RunTime:0.003001s ]
SQL: SHOW COLUMNS FROM `js_goods_gallery` [ RunTime:0.003000s ]
SQL: SELECT `store_id` FROM `js_goods` WHERE `goods_id` = 32 LIMIT 1   [ RunTime:0.000000s ]
SQL: SELECT * FROM `js_goods` WHERE `goods_id` = 32 LIMIT 1   [ RunTime:0.002000s ]
SQL: SELECT * FROM `js_goods_gallery` WHERE `goods_id` = 32  [ RunTime:0.001000s ]
SQL: SELECT `cat_name` FROM `js_category` WHERE `cat_id` = 3 AND `store_id` = 1  [ RunTime:0.000000s ]
SQL: SELECT `market_price`,`shop_price`,`promote_price`,`is_promote` FROM `js_goods` WHERE `goods_id` = 32  [ RunTime:0.001000s ]
SQL: SELECT * FROM `js_store_config` WHERE `store_id` = '1'  [ RunTime:0.000000s ]
SQL: SELECT * FROM `js_nav` WHERE `store_id` = '1' AND `parent_id` = 0  [ RunTime:0.000000s ]
SQL: SELECT * FROM `js_nav` WHERE `store_id` = '1' AND `parent_id` = 2  [ RunTime:0.001000s ]
SQL: SELECT * FROM `js_nav` WHERE `store_id` = '1' AND `parent_id` = 3  [ RunTime:0.001000s ]
SQL: SELECT * FROM `js_nav` WHERE `store_id` = '1' AND `parent_id` = 6  [ RunTime:0.001001s ]
SQL: SELECT * FROM `js_nav` WHERE `store_id` = '1' AND `parent_id` = 10  [ RunTime:0.001000s ]
SQL: SELECT * FROM `js_nav` WHERE `store_id` = '1' AND `parent_id` = 4  [ RunTime:0.001000s ]
SQL: SELECT * FROM `js_nav` WHERE `store_id` = '1' AND `parent_id` = 5  [ RunTime:0.000000s ]
SQL: SELECT * FROM `js_nav` WHERE `store_id` = '1' AND `parent_id` = 7  [ RunTime:0.000000s ]
SQL: SELECT * FROM `js_nav` WHERE `store_id` = '1' AND `parent_id` = 8  [ RunTime:0.000000s ]
SQL: SELECT * FROM `js_nav` WHERE `store_id` = '1' AND `parent_id` = 9  [ RunTime:0.001000s ]
SQL: SELECT * FROM `js_nav` WHERE `store_id` = '1' AND `parent_id` = 11  [ RunTime:0.001000s ]
SQL: SELECT * FROM `js_nav` WHERE `store_id` = '1' AND `parent_id` = 14  [ RunTime:0.001000s ]
SQL: SELECT * FROM `js_nav` WHERE `store_id` = '1' AND `parent_id` = 18  [ RunTime:0.001000s ]
SQL: SHOW COLUMNS FROM `js_brand` [ RunTime:0.004000s ]
SQL: SELECT `brand_id` FROM `js_brand` WHERE `store_id` = 1  [ RunTime:0.000000s ]
SQL: SELECT * FROM `js_brand` WHERE `brand_id` IN ('13','14','15','12')  [ RunTime:0.001000s ]
INFO: [ view_parse ] --START--
INFO: [ template_filter ] --START--
INFO: Run Behavior\ContentReplaceBehavior [ RunTime:0.002000s ]
INFO: [ template_filter ] --END-- [ RunTime:0.002000s ]
NOTIC: [8] Use of undefined constant store_id - assumed 'store_id' D:\website\jusou_shop\Application\Runtime\Cache\Home\d24b9c92f9d923a06ae113dfcdf269a0.php 第 90 行.
NOTIC: [8] Undefined index: goods_cat D:\website\jusou_shop\Application\Runtime\Cache\Home\d24b9c92f9d923a06ae113dfcdf269a0.php 第 91 行.
NOTIC: [8] Undefined index: desc D:\website\jusou_shop\Application\Runtime\Cache\Home\d24b9c92f9d923a06ae113dfcdf269a0.php 第 164 行.
NOTIC: [8] Undefined variable: comments D:\website\jusou_shop\Application\Runtime\Cache\Home\d24b9c92f9d923a06ae113dfcdf269a0.php 第 171 行.
NOTIC: [8] Undefined variable: comments D:\website\jusou_shop\Application\Runtime\Cache\Home\d24b9c92f9d923a06ae113dfcdf269a0.php 第 174 行.
NOTIC: [8] Undefined variable: related_goods_list D:\website\jusou_shop\Application\Runtime\Cache\Home\d24b9c92f9d923a06ae113dfcdf269a0.php 第 200 行.
INFO: Run Behavior\ParseTemplateBehavior [ RunTime:0.031002s ]
INFO: [ view_parse ] --END-- [ RunTime:0.031002s ]
INFO: [ view_filter ] --START--
INFO: Run Behavior\WriteHtmlCacheBehavior [ RunTime:0.000000s ]
INFO: [ view_filter ] --END-- [ RunTime:0.000000s ]
INFO: [ app_end ] --START--
INFO: Run Behavior\ShowPageTraceBehavior [ RunTime:0.002000s ]
INFO: [ app_end ] --END-- [ RunTime:0.002000s ]

